2025-07-31 10:55:04,450 - instagrapi - INFO - https://i.instagram.com/api/v1/accounts/current_user/?edit=true
2025-07-31 10:55:04,740 - instagrapi - INFO - https://i.instagram.com/api/v1/accounts/current_user/?edit=true
2025-07-31 10:55:08,465 - private_request - INFO - None [403] GET https://i.instagram.com/api/v1/accounts/current_user/?edit=true (269.0.0.18.75, OnePlus 6T Dev)
2025-07-31 10:55:08,465 - instagram_login - WARNING - ⚠️ Sesión expirada. Intentando relogin...
2025-07-31 10:55:08,465 - instagram_login - INFO - 🚀 Iniciando login para kraveaibot
2025-07-31 10:55:08,471 - private_request - INFO - None [403] GET https://i.instagram.com/api/v1/accounts/current_user/?edit=true (269.0.0.18.75, OnePlus 6T Dev)
2025-07-31 10:55:08,471 - instagram_login - WARNING - ⚠️ Sesión expirada. Intentando relogin...
2025-07-31 10:55:08,471 - instagram_login - INFO - 🚀 Iniciando login para kraveaibot
2025-07-31 10:55:08,502 - instagram_login - WARNING - No se encontraron proxies válidos. Usando conexión directa.
2025-07-31 10:55:08,502 - instagram_login - ERROR - ❌ Error inesperado: AttributeError - 'Client' object has no attribute 'set_retry_delay'
2025-07-31 10:55:08,503 - instagram_login - ERROR - ❌ Todos los intentos fallaron para kraveaibot
2025-07-31 10:55:08,538 - instagram_login - WARNING - No se encontraron proxies válidos. Usando conexión directa.
2025-07-31 10:55:08,539 - instagram_login - ERROR - ❌ Error inesperado: AttributeError - 'Client' object has no attribute 'set_retry_delay'
2025-07-31 10:55:08,540 - instagram_login - ERROR - ❌ Todos los intentos fallaron para kraveaibot
2025-07-31 10:55:10,346 - instagrapi - INFO - https://i.instagram.com/api/v1/accounts/current_user/?edit=true
2025-07-31 10:55:11,976 - private_request - INFO - None [403] GET https://i.instagram.com/api/v1/accounts/current_user/?edit=true (269.0.0.18.75, OnePlus 6T Dev)
2025-07-31 10:55:11,977 - instagram_login - WARNING - ⚠️ Sesión expirada. Intentando relogin...
2025-07-31 10:55:11,977 - instagram_login - INFO - 🚀 Iniciando login para kraveaibot
2025-07-31 10:55:12,083 - instagram_login - WARNING - No se encontraron proxies válidos. Usando conexión directa.
2025-07-31 10:55:12,085 - instagram_login - ERROR - ❌ Error inesperado: AttributeError - 'Client' object has no attribute 'set_retry_delay'
2025-07-31 10:55:12,085 - instagram_login - ERROR - ❌ Todos los intentos fallaron para kraveaibot
2025-07-31 10:55:13,838 - instagrapi - INFO - https://i.instagram.com/api/v1/accounts/current_user/?edit=true
2025-07-31 10:55:17,303 - private_request - INFO - None [403] GET https://i.instagram.com/api/v1/accounts/current_user/?edit=true (269.0.0.18.75, OnePlus 6T Dev)
2025-07-31 10:55:17,304 - instagram_login - WARNING - ⚠️ Sesión expirada. Intentando relogin...
2025-07-31 10:55:17,304 - instagram_login - INFO - 🚀 Iniciando login para kraveaibot
2025-07-31 10:55:17,382 - instagram_login - WARNING - No se encontraron proxies válidos. Usando conexión directa.
2025-07-31 10:55:17,383 - instagram_login - ERROR - ❌ Error inesperado: AttributeError - 'Client' object has no attribute 'set_retry_delay'
2025-07-31 10:55:17,384 - instagram_login - ERROR - ❌ Todos los intentos fallaron para kraveaibot
2025-07-31 10:55:19,037 - instagrapi - INFO - https://i.instagram.com/api/v1/accounts/current_user/?edit=true
2025-07-31 10:55:22,863 - private_request - INFO - None [403] GET https://i.instagram.com/api/v1/accounts/current_user/?edit=true (269.0.0.18.75, OnePlus 6T Dev)
2025-07-31 10:55:22,863 - instagram_login - WARNING - ⚠️ Sesión expirada. Intentando relogin...
2025-07-31 10:55:22,863 - instagram_login - INFO - 🚀 Iniciando login para kraveaibot
2025-07-31 10:55:22,948 - instagram_login - WARNING - No se encontraron proxies válidos. Usando conexión directa.
2025-07-31 10:55:22,948 - instagram_login - ERROR - ❌ Error inesperado: AttributeError - 'Client' object has no attribute 'set_retry_delay'
2025-07-31 10:55:22,948 - instagram_login - ERROR - ❌ Todos los intentos fallaron para kraveaibot
2025-07-31 10:55:24,478 - instagrapi - INFO - https://i.instagram.com/api/v1/accounts/current_user/?edit=true
2025-07-31 10:55:27,739 - instagrapi - INFO - https://i.instagram.com/api/v1/accounts/current_user/?edit=true
2025-07-31 10:55:31,104 - private_request - INFO - None [403] GET https://i.instagram.com/api/v1/accounts/current_user/?edit=true (269.0.0.18.75, OnePlus 6T Dev)
2025-07-31 10:55:31,104 - instagram_login - WARNING - ⚠️ Sesión expirada. Intentando relogin...
2025-07-31 10:55:31,104 - instagram_login - INFO - 🚀 Iniciando login para kraveaibot
2025-07-31 10:55:31,182 - instagram_login - WARNING - No se encontraron proxies válidos. Usando conexión directa.
2025-07-31 10:55:31,184 - instagram_login - ERROR - ❌ Error inesperado: AttributeError - 'Client' object has no attribute 'set_retry_delay'
2025-07-31 10:55:31,184 - instagram_login - ERROR - ❌ Todos los intentos fallaron para kraveaibot
2025-07-31 10:55:33,109 - instagrapi - INFO - https://i.instagram.com/api/v1/accounts/current_user/?edit=true
2025-07-31 10:55:36,422 - private_request - INFO - None [403] GET https://i.instagram.com/api/v1/accounts/current_user/?edit=true (269.0.0.18.75, OnePlus 6T Dev)
2025-07-31 10:55:36,423 - instagram_login - WARNING - ⚠️ Sesión expirada. Intentando relogin...
2025-07-31 10:55:36,423 - instagram_login - INFO - 🚀 Iniciando login para kraveaibot
2025-07-31 10:55:36,488 - instagram_login - WARNING - No se encontraron proxies válidos. Usando conexión directa.
2025-07-31 10:55:36,489 - instagram_login - ERROR - ❌ Error inesperado: AttributeError - 'Client' object has no attribute 'set_retry_delay'
2025-07-31 10:55:36,489 - instagram_login - ERROR - ❌ Todos los intentos fallaron para kraveaibot
2025-07-31 10:55:38,136 - instagrapi - INFO - https://i.instagram.com/api/v1/accounts/current_user/?edit=true
2025-07-31 10:55:41,471 - private_request - INFO - None [403] GET https://i.instagram.com/api/v1/accounts/current_user/?edit=true (269.0.0.18.75, OnePlus 6T Dev)
2025-07-31 10:55:41,472 - instagram_login - WARNING - ⚠️ Sesión expirada. Intentando relogin...
2025-07-31 10:55:41,472 - instagram_login - INFO - 🚀 Iniciando login para kraveaibot
2025-07-31 10:55:41,542 - instagram_login - WARNING - No se encontraron proxies válidos. Usando conexión directa.
2025-07-31 10:55:41,542 - instagram_login - ERROR - ❌ Error inesperado: AttributeError - 'Client' object has no attribute 'set_retry_delay'
2025-07-31 10:55:41,543 - instagram_login - ERROR - ❌ Todos los intentos fallaron para kraveaibot
2025-07-31 10:55:43,226 - instagrapi - INFO - https://i.instagram.com/api/v1/accounts/current_user/?edit=true
2025-07-31 10:55:46,507 - private_request - INFO - None [403] GET https://i.instagram.com/api/v1/accounts/current_user/?edit=true (269.0.0.18.75, OnePlus 6T Dev)
2025-07-31 10:55:46,508 - instagram_login - WARNING - ⚠️ Sesión expirada. Intentando relogin...
2025-07-31 10:55:46,508 - instagram_login - INFO - 🚀 Iniciando login para kraveaibot
2025-07-31 10:55:46,575 - instagram_login - WARNING - No se encontraron proxies válidos. Usando conexión directa.
2025-07-31 10:55:46,575 - instagram_login - ERROR - ❌ Error inesperado: AttributeError - 'Client' object has no attribute 'set_retry_delay'
2025-07-31 10:55:46,575 - instagram_login - ERROR - ❌ Todos los intentos fallaron para kraveaibot
2025-07-31 10:55:48,111 - instagrapi - INFO - https://i.instagram.com/api/v1/accounts/current_user/?edit=true
2025-07-31 10:55:49,591 - private_request - INFO - None [403] GET https://i.instagram.com/api/v1/accounts/current_user/?edit=true (269.0.0.18.75, OnePlus 6T Dev)
2025-07-31 10:55:49,592 - instagram_login - WARNING - ⚠️ Sesión expirada. Intentando relogin...
2025-07-31 10:55:49,592 - instagram_login - INFO - 🚀 Iniciando login para kraveaibot
2025-07-31 10:55:49,654 - instagram_login - WARNING - No se encontraron proxies válidos. Usando conexión directa.
2025-07-31 10:55:49,654 - instagram_login - ERROR - ❌ Error inesperado: AttributeError - 'Client' object has no attribute 'set_retry_delay'
2025-07-31 10:55:49,654 - instagram_login - ERROR - ❌ Todos los intentos fallaron para kraveaibot
2025-07-31 10:55:51,250 - instagrapi - INFO - https://i.instagram.com/api/v1/accounts/current_user/?edit=true
2025-07-31 10:55:54,750 - private_request - INFO - None [403] GET https://i.instagram.com/api/v1/accounts/current_user/?edit=true (269.0.0.18.75, OnePlus 6T Dev)
2025-07-31 10:55:54,751 - instagram_login - WARNING - ⚠️ Sesión expirada. Intentando relogin...
2025-07-31 10:55:54,751 - instagram_login - INFO - 🚀 Iniciando login para kraveaibot
2025-07-31 10:55:54,839 - instagram_login - WARNING - No se encontraron proxies válidos. Usando conexión directa.
2025-07-31 10:55:54,839 - instagram_login - ERROR - ❌ Error inesperado: AttributeError - 'Client' object has no attribute 'set_retry_delay'
2025-07-31 10:55:54,840 - instagram_login - ERROR - ❌ Todos los intentos fallaron para kraveaibot
2025-07-31 10:55:56,400 - instagrapi - INFO - https://i.instagram.com/api/v1/accounts/current_user/?edit=true
2025-07-31 10:55:59,751 - private_request - INFO - None [403] GET https://i.instagram.com/api/v1/accounts/current_user/?edit=true (269.0.0.18.75, OnePlus 6T Dev)
2025-07-31 10:55:59,751 - instagram_login - WARNING - ⚠️ Sesión expirada. Intentando relogin...
2025-07-31 10:55:59,751 - instagram_login - INFO - 🚀 Iniciando login para kraveaibot
2025-07-31 10:55:59,814 - instagram_login - WARNING - No se encontraron proxies válidos. Usando conexión directa.
2025-07-31 10:55:59,814 - instagram_login - ERROR - ❌ Error inesperado: AttributeError - 'Client' object has no attribute 'set_retry_delay'
2025-07-31 10:55:59,814 - instagram_login - ERROR - ❌ Todos los intentos fallaron para kraveaibot
2025-07-31 10:56:01,430 - instagrapi - INFO - https://i.instagram.com/api/v1/accounts/current_user/?edit=true
2025-07-31 10:56:04,822 - private_request - INFO - None [403] GET https://i.instagram.com/api/v1/accounts/current_user/?edit=true (269.0.0.18.75, OnePlus 6T Dev)
2025-07-31 10:56:04,823 - instagram_login - WARNING - ⚠️ Sesión expirada. Intentando relogin...
2025-07-31 10:56:04,823 - instagram_login - INFO - 🚀 Iniciando login para kraveaibot
2025-07-31 10:56:04,884 - instagram_login - WARNING - No se encontraron proxies válidos. Usando conexión directa.
2025-07-31 10:56:04,885 - instagram_login - ERROR - ❌ Error inesperado: AttributeError - 'Client' object has no attribute 'set_retry_delay'
2025-07-31 10:56:04,885 - instagram_login - ERROR - ❌ Todos los intentos fallaron para kraveaibot
2025-07-31 10:56:06,478 - instagrapi - INFO - https://i.instagram.com/api/v1/accounts/current_user/?edit=true
2025-07-31 10:56:09,970 - private_request - INFO - None [403] GET https://i.instagram.com/api/v1/accounts/current_user/?edit=true (269.0.0.18.75, OnePlus 6T Dev)
2025-07-31 10:56:09,970 - instagram_login - WARNING - ⚠️ Sesión expirada. Intentando relogin...
2025-07-31 10:56:09,970 - instagram_login - INFO - 🚀 Iniciando login para kraveaibot
2025-07-31 10:56:10,030 - instagram_login - WARNING - No se encontraron proxies válidos. Usando conexión directa.
2025-07-31 10:56:10,031 - instagram_login - ERROR - ❌ Error inesperado: AttributeError - 'Client' object has no attribute 'set_retry_delay'
2025-07-31 10:56:10,031 - instagram_login - ERROR - ❌ Todos los intentos fallaron para kraveaibot
2025-07-31 10:56:11,602 - instagrapi - INFO - https://i.instagram.com/api/v1/accounts/current_user/?edit=true
2025-07-31 10:56:15,023 - private_request - INFO - None [403] GET https://i.instagram.com/api/v1/accounts/current_user/?edit=true (269.0.0.18.75, OnePlus 6T Dev)
2025-07-31 10:56:15,023 - instagram_login - WARNING - ⚠️ Sesión expirada. Intentando relogin...
2025-07-31 10:56:15,023 - instagram_login - INFO - 🚀 Iniciando login para kraveaibot
2025-07-31 10:56:15,082 - instagram_login - WARNING - No se encontraron proxies válidos. Usando conexión directa.
2025-07-31 10:56:15,083 - instagram_login - ERROR - ❌ Error inesperado: AttributeError - 'Client' object has no attribute 'set_retry_delay'
2025-07-31 10:56:15,083 - instagram_login - ERROR - ❌ Todos los intentos fallaron para kraveaibot
2025-07-31 10:56:16,623 - instagrapi - INFO - https://i.instagram.com/api/v1/accounts/current_user/?edit=true
2025-07-31 10:56:20,241 - private_request - INFO - None [403] GET https://i.instagram.com/api/v1/accounts/current_user/?edit=true (269.0.0.18.75, OnePlus 6T Dev)
2025-07-31 10:56:20,241 - instagram_login - WARNING - ⚠️ Sesión expirada. Intentando relogin...
2025-07-31 10:56:20,241 - instagram_login - INFO - 🚀 Iniciando login para kraveaibot
2025-07-31 10:56:20,322 - instagram_login - WARNING - No se encontraron proxies válidos. Usando conexión directa.
2025-07-31 10:56:20,322 - instagram_login - ERROR - ❌ Error inesperado: AttributeError - 'Client' object has no attribute 'set_retry_delay'
2025-07-31 10:56:20,323 - instagram_login - ERROR - ❌ Todos los intentos fallaron para kraveaibot
2025-07-31 10:56:21,912 - instagrapi - INFO - https://i.instagram.com/api/v1/accounts/current_user/?edit=true
2025-07-31 10:56:25,885 - private_request - INFO - None [403] GET https://i.instagram.com/api/v1/accounts/current_user/?edit=true (269.0.0.18.75, OnePlus 6T Dev)
2025-07-31 10:56:25,885 - instagram_login - WARNING - ⚠️ Sesión expirada. Intentando relogin...
2025-07-31 10:56:25,885 - instagram_login - INFO - 🚀 Iniciando login para kraveaibot
2025-07-31 10:56:25,945 - instagram_login - WARNING - No se encontraron proxies válidos. Usando conexión directa.
2025-07-31 10:56:25,946 - instagram_login - ERROR - ❌ Error inesperado: AttributeError - 'Client' object has no attribute 'set_retry_delay'
2025-07-31 10:56:25,946 - instagram_login - ERROR - ❌ Todos los intentos fallaron para kraveaibot
2025-07-31 10:56:27,663 - instagrapi - INFO - https://i.instagram.com/api/v1/accounts/current_user/?edit=true
2025-07-31 10:56:31,235 - private_request - INFO - None [403] GET https://i.instagram.com/api/v1/accounts/current_user/?edit=true (269.0.0.18.75, OnePlus 6T Dev)
2025-07-31 10:56:31,236 - instagram_login - WARNING - ⚠️ Sesión expirada. Intentando relogin...
2025-07-31 10:56:31,236 - instagram_login - INFO - 🚀 Iniciando login para kraveaibot
2025-07-31 10:56:31,386 - instagram_login - WARNING - No se encontraron proxies válidos. Usando conexión directa.
2025-07-31 10:56:31,387 - instagram_login - ERROR - ❌ Error inesperado: AttributeError - 'Client' object has no attribute 'set_retry_delay'
2025-07-31 10:56:31,387 - instagram_login - ERROR - ❌ Todos los intentos fallaron para kraveaibot
2025-07-31 10:56:33,167 - instagrapi - INFO - https://i.instagram.com/api/v1/accounts/current_user/?edit=true
2025-07-31 10:56:36,685 - private_request - INFO - None [403] GET https://i.instagram.com/api/v1/accounts/current_user/?edit=true (269.0.0.18.75, OnePlus 6T Dev)
2025-07-31 10:56:36,686 - instagram_login - WARNING - ⚠️ Sesión expirada. Intentando relogin...
2025-07-31 10:56:36,686 - instagram_login - INFO - 🚀 Iniciando login para kraveaibot
2025-07-31 10:56:36,745 - instagram_login - WARNING - No se encontraron proxies válidos. Usando conexión directa.
2025-07-31 10:56:36,746 - instagram_login - ERROR - ❌ Error inesperado: AttributeError - 'Client' object has no attribute 'set_retry_delay'
2025-07-31 10:56:36,746 - instagram_login - ERROR - ❌ Todos los intentos fallaron para kraveaibot
2025-07-31 10:56:38,306 - instagrapi - INFO - https://i.instagram.com/api/v1/accounts/current_user/?edit=true
2025-07-31 10:56:48,923 - private_request - INFO - None [403] GET https://i.instagram.com/api/v1/accounts/current_user/?edit=true (269.0.0.18.75, OnePlus 6T Dev)
2025-07-31 10:56:48,923 - instagram_login - WARNING - ⚠️ Sesión expirada. Intentando relogin...
2025-07-31 10:56:48,923 - instagram_login - INFO - 🚀 Iniciando login para kraveaibot
2025-07-31 10:56:48,983 - instagram_login - WARNING - No se encontraron proxies válidos. Usando conexión directa.
2025-07-31 10:56:48,983 - instagram_login - ERROR - ❌ Error inesperado: AttributeError - 'Client' object has no attribute 'set_retry_delay'
2025-07-31 10:56:48,983 - instagram_login - ERROR - ❌ Todos los intentos fallaron para kraveaibot
2025-07-31 10:56:50,528 - instagrapi - INFO - https://i.instagram.com/api/v1/accounts/current_user/?edit=true
2025-07-31 10:56:53,990 - private_request - INFO - None [403] GET https://i.instagram.com/api/v1/accounts/current_user/?edit=true (269.0.0.18.75, OnePlus 6T Dev)
2025-07-31 10:56:53,990 - instagram_login - WARNING - ⚠️ Sesión expirada. Intentando relogin...
2025-07-31 10:56:53,990 - instagram_login - INFO - 🚀 Iniciando login para kraveaibot
2025-07-31 10:56:54,050 - instagram_login - WARNING - No se encontraron proxies válidos. Usando conexión directa.
2025-07-31 10:56:54,050 - instagram_login - ERROR - ❌ Error inesperado: AttributeError - 'Client' object has no attribute 'set_retry_delay'
2025-07-31 10:56:54,050 - instagram_login - ERROR - ❌ Todos los intentos fallaron para kraveaibot
2025-07-31 10:56:55,648 - instagrapi - INFO - https://i.instagram.com/api/v1/accounts/current_user/?edit=true
2025-07-31 10:56:57,728 - private_request - INFO - None [403] GET https://i.instagram.com/api/v1/accounts/current_user/?edit=true (269.0.0.18.75, OnePlus 6T Dev)
2025-07-31 10:56:57,729 - instagram_login - WARNING - ⚠️ Sesión expirada. Intentando relogin...
2025-07-31 10:56:57,729 - instagram_login - INFO - 🚀 Iniciando login para kraveaibot
2025-07-31 10:56:57,788 - instagram_login - WARNING - No se encontraron proxies válidos. Usando conexión directa.
2025-07-31 10:56:57,789 - instagram_login - ERROR - ❌ Error inesperado: AttributeError - 'Client' object has no attribute 'set_retry_delay'
2025-07-31 10:56:57,789 - instagram_login - ERROR - ❌ Todos los intentos fallaron para kraveaibot
2025-07-31 10:56:59,321 - instagrapi - INFO - https://i.instagram.com/api/v1/accounts/current_user/?edit=true
2025-07-31 10:57:02,601 - private_request - INFO - None [403] GET https://i.instagram.com/api/v1/accounts/current_user/?edit=true (269.0.0.18.75, OnePlus 6T Dev)
2025-07-31 10:57:02,602 - instagram_login - WARNING - ⚠️ Sesión expirada. Intentando relogin...
2025-07-31 10:57:02,602 - instagram_login - INFO - 🚀 Iniciando login para kraveaibot
2025-07-31 10:57:02,688 - instagram_login - WARNING - No se encontraron proxies válidos. Usando conexión directa.
2025-07-31 10:57:02,689 - instagram_login - ERROR - ❌ Error inesperado: AttributeError - 'Client' object has no attribute 'set_retry_delay'
2025-07-31 10:57:02,690 - instagram_login - ERROR - ❌ Todos los intentos fallaron para kraveaibot
2025-07-31 10:57:04,406 - instagrapi - INFO - https://i.instagram.com/api/v1/accounts/current_user/?edit=true
2025-07-31 10:57:07,719 - private_request - INFO - None [403] GET https://i.instagram.com/api/v1/accounts/current_user/?edit=true (269.0.0.18.75, OnePlus 6T Dev)
2025-07-31 10:57:07,719 - instagram_login - WARNING - ⚠️ Sesión expirada. Intentando relogin...
2025-07-31 10:57:07,720 - instagram_login - INFO - 🚀 Iniciando login para kraveaibot
2025-07-31 10:57:07,800 - instagram_login - WARNING - No se encontraron proxies válidos. Usando conexión directa.
2025-07-31 10:57:07,801 - instagram_login - ERROR - ❌ Error inesperado: AttributeError - 'Client' object has no attribute 'set_retry_delay'
2025-07-31 10:57:07,801 - instagram_login - ERROR - ❌ Todos los intentos fallaron para kraveaibot
2025-07-31 10:57:09,475 - instagrapi - INFO - https://i.instagram.com/api/v1/accounts/current_user/?edit=true
2025-07-31 10:57:12,870 - private_request - INFO - None [403] GET https://i.instagram.com/api/v1/accounts/current_user/?edit=true (269.0.0.18.75, OnePlus 6T Dev)
2025-07-31 10:57:12,871 - instagram_login - WARNING - ⚠️ Sesión expirada. Intentando relogin...
2025-07-31 10:57:12,871 - instagram_login - INFO - 🚀 Iniciando login para kraveaibot
2025-07-31 10:57:12,977 - instagram_login - WARNING - No se encontraron proxies válidos. Usando conexión directa.
2025-07-31 10:57:12,978 - instagram_login - ERROR - ❌ Error inesperado: AttributeError - 'Client' object has no attribute 'set_retry_delay'
2025-07-31 10:57:12,978 - instagram_login - ERROR - ❌ Todos los intentos fallaron para kraveaibot
2025-07-31 10:57:14,902 - instagrapi - INFO - https://i.instagram.com/api/v1/accounts/current_user/?edit=true
2025-07-31 10:57:18,261 - private_request - INFO - None [403] GET https://i.instagram.com/api/v1/accounts/current_user/?edit=true (269.0.0.18.75, OnePlus 6T Dev)
2025-07-31 10:57:18,262 - instagram_login - WARNING - ⚠️ Sesión expirada. Intentando relogin...
2025-07-31 10:57:18,262 - instagram_login - INFO - 🚀 Iniciando login para kraveaibot
2025-07-31 10:57:18,346 - instagram_login - WARNING - No se encontraron proxies válidos. Usando conexión directa.
2025-07-31 10:57:18,347 - instagram_login - ERROR - ❌ Error inesperado: AttributeError - 'Client' object has no attribute 'set_retry_delay'
2025-07-31 10:57:18,347 - instagram_login - ERROR - ❌ Todos los intentos fallaron para kraveaibot
2025-07-31 10:57:20,040 - instagrapi - INFO - https://i.instagram.com/api/v1/accounts/current_user/?edit=true
2025-07-31 10:57:23,376 - private_request - INFO - None [403] GET https://i.instagram.com/api/v1/accounts/current_user/?edit=true (269.0.0.18.75, OnePlus 6T Dev)
2025-07-31 10:57:23,376 - instagram_login - WARNING - ⚠️ Sesión expirada. Intentando relogin...
2025-07-31 10:57:23,377 - instagram_login - INFO - 🚀 Iniciando login para kraveaibot
2025-07-31 10:57:23,473 - instagram_login - WARNING - No se encontraron proxies válidos. Usando conexión directa.
2025-07-31 10:57:23,475 - instagram_login - ERROR - ❌ Error inesperado: AttributeError - 'Client' object has no attribute 'set_retry_delay'
2025-07-31 10:57:23,475 - instagram_login - ERROR - ❌ Todos los intentos fallaron para kraveaibot
2025-07-31 10:57:25,396 - instagrapi - INFO - https://i.instagram.com/api/v1/accounts/current_user/?edit=true
2025-07-31 10:57:28,764 - private_request - INFO - None [403] GET https://i.instagram.com/api/v1/accounts/current_user/?edit=true (269.0.0.18.75, OnePlus 6T Dev)
2025-07-31 10:57:28,764 - instagram_login - WARNING - ⚠️ Sesión expirada. Intentando relogin...
2025-07-31 10:57:28,765 - instagram_login - INFO - 🚀 Iniciando login para kraveaibot
2025-07-31 10:57:28,832 - instagram_login - WARNING - No se encontraron proxies válidos. Usando conexión directa.
2025-07-31 10:57:28,833 - instagram_login - ERROR - ❌ Error inesperado: AttributeError - 'Client' object has no attribute 'set_retry_delay'
2025-07-31 10:57:28,833 - instagram_login - ERROR - ❌ Todos los intentos fallaron para kraveaibot
2025-07-31 10:57:30,591 - instagrapi - INFO - https://i.instagram.com/api/v1/accounts/current_user/?edit=true
2025-07-31 10:57:33,993 - private_request - INFO - None [403] GET https://i.instagram.com/api/v1/accounts/current_user/?edit=true (269.0.0.18.75, OnePlus 6T Dev)
2025-07-31 10:57:33,993 - instagram_login - WARNING - ⚠️ Sesión expirada. Intentando relogin...
2025-07-31 10:57:33,993 - instagram_login - INFO - 🚀 Iniciando login para kraveaibot
2025-07-31 10:57:34,071 - instagram_login - WARNING - No se encontraron proxies válidos. Usando conexión directa.
2025-07-31 10:57:34,073 - instagram_login - ERROR - ❌ Error inesperado: AttributeError - 'Client' object has no attribute 'set_retry_delay'
2025-07-31 10:57:34,074 - instagram_login - ERROR - ❌ Todos los intentos fallaron para kraveaibot
2025-07-31 10:57:35,856 - instagrapi - INFO - https://i.instagram.com/api/v1/accounts/current_user/?edit=true
2025-07-31 10:57:39,160 - private_request - INFO - None [403] GET https://i.instagram.com/api/v1/accounts/current_user/?edit=true (269.0.0.18.75, OnePlus 6T Dev)
2025-07-31 10:57:39,160 - instagram_login - WARNING - ⚠️ Sesión expirada. Intentando relogin...
2025-07-31 10:57:39,160 - instagram_login - INFO - 🚀 Iniciando login para kraveaibot
2025-07-31 10:57:39,223 - instagram_login - WARNING - No se encontraron proxies válidos. Usando conexión directa.
2025-07-31 10:57:39,223 - instagram_login - ERROR - ❌ Error inesperado: AttributeError - 'Client' object has no attribute 'set_retry_delay'
2025-07-31 10:57:39,223 - instagram_login - ERROR - ❌ Todos los intentos fallaron para kraveaibot
2025-07-31 10:57:40,792 - instagrapi - INFO - https://i.instagram.com/api/v1/accounts/current_user/?edit=true
2025-07-31 10:57:44,242 - private_request - INFO - None [403] GET https://i.instagram.com/api/v1/accounts/current_user/?edit=true (269.0.0.18.75, OnePlus 6T Dev)
2025-07-31 10:57:44,242 - instagram_login - WARNING - ⚠️ Sesión expirada. Intentando relogin...
2025-07-31 10:57:44,242 - instagram_login - INFO - 🚀 Iniciando login para kraveaibot
2025-07-31 10:57:44,322 - instagram_login - WARNING - No se encontraron proxies válidos. Usando conexión directa.
2025-07-31 10:57:44,322 - instagram_login - ERROR - ❌ Error inesperado: AttributeError - 'Client' object has no attribute 'set_retry_delay'
2025-07-31 10:57:44,322 - instagram_login - ERROR - ❌ Todos los intentos fallaron para kraveaibot
2025-07-31 10:57:46,374 - instagrapi - INFO - https://i.instagram.com/api/v1/accounts/current_user/?edit=true
2025-07-31 10:57:49,685 - private_request - INFO - None [403] GET https://i.instagram.com/api/v1/accounts/current_user/?edit=true (269.0.0.18.75, OnePlus 6T Dev)
2025-07-31 10:57:49,686 - instagram_login - WARNING - ⚠️ Sesión expirada. Intentando relogin...
2025-07-31 10:57:49,686 - instagram_login - INFO - 🚀 Iniciando login para kraveaibot
2025-07-31 10:57:49,783 - instagram_login - WARNING - No se encontraron proxies válidos. Usando conexión directa.
2025-07-31 10:57:49,784 - instagram_login - ERROR - ❌ Error inesperado: AttributeError - 'Client' object has no attribute 'set_retry_delay'
2025-07-31 10:57:49,784 - instagram_login - ERROR - ❌ Todos los intentos fallaron para kraveaibot
2025-07-31 10:57:51,499 - instagrapi - INFO - https://i.instagram.com/api/v1/accounts/current_user/?edit=true
2025-07-31 10:57:54,847 - private_request - INFO - None [403] GET https://i.instagram.com/api/v1/accounts/current_user/?edit=true (269.0.0.18.75, OnePlus 6T Dev)
2025-07-31 10:57:54,847 - instagram_login - WARNING - ⚠️ Sesión expirada. Intentando relogin...
2025-07-31 10:57:54,847 - instagram_login - INFO - 🚀 Iniciando login para kraveaibot
2025-07-31 10:57:54,906 - instagram_login - WARNING - No se encontraron proxies válidos. Usando conexión directa.
2025-07-31 10:57:54,907 - instagram_login - ERROR - ❌ Error inesperado: AttributeError - 'Client' object has no attribute 'set_retry_delay'
2025-07-31 10:57:54,907 - instagram_login - ERROR - ❌ Todos los intentos fallaron para kraveaibot
2025-07-31 10:57:56,475 - instagrapi - INFO - https://i.instagram.com/api/v1/accounts/current_user/?edit=true
2025-07-31 10:57:59,925 - private_request - INFO - None [403] GET https://i.instagram.com/api/v1/accounts/current_user/?edit=true (269.0.0.18.75, OnePlus 6T Dev)
2025-07-31 10:57:59,926 - instagram_login - WARNING - ⚠️ Sesión expirada. Intentando relogin...
2025-07-31 10:57:59,926 - instagram_login - INFO - 🚀 Iniciando login para kraveaibot
2025-07-31 10:57:59,985 - instagram_login - WARNING - No se encontraron proxies válidos. Usando conexión directa.
2025-07-31 10:57:59,986 - instagram_login - ERROR - ❌ Error inesperado: AttributeError - 'Client' object has no attribute 'set_retry_delay'
2025-07-31 10:57:59,986 - instagram_login - ERROR - ❌ Todos los intentos fallaron para kraveaibot
2025-07-31 10:58:01,524 - instagrapi - INFO - https://i.instagram.com/api/v1/accounts/current_user/?edit=true
2025-07-31 10:58:05,366 - private_request - INFO - None [403] GET https://i.instagram.com/api/v1/accounts/current_user/?edit=true (269.0.0.18.75, OnePlus 6T Dev)
2025-07-31 10:58:05,366 - instagram_login - WARNING - ⚠️ Sesión expirada. Intentando relogin...
2025-07-31 10:58:05,366 - instagram_login - INFO - 🚀 Iniciando login para kraveaibot
2025-07-31 10:58:05,505 - instagram_login - WARNING - No se encontraron proxies válidos. Usando conexión directa.
2025-07-31 10:58:05,507 - instagram_login - ERROR - ❌ Error inesperado: AttributeError - 'Client' object has no attribute 'set_retry_delay'
2025-07-31 10:58:05,507 - instagram_login - ERROR - ❌ Todos los intentos fallaron para kraveaibot
2025-07-31 10:58:07,150 - instagrapi - INFO - https://i.instagram.com/api/v1/accounts/current_user/?edit=true
2025-07-31 10:58:10,827 - private_request - INFO - None [403] GET https://i.instagram.com/api/v1/accounts/current_user/?edit=true (269.0.0.18.75, OnePlus 6T Dev)
2025-07-31 10:58:10,827 - instagram_login - WARNING - ⚠️ Sesión expirada. Intentando relogin...
2025-07-31 10:58:10,827 - instagram_login - INFO - 🚀 Iniciando login para kraveaibot
2025-07-31 10:58:10,887 - instagram_login - WARNING - No se encontraron proxies válidos. Usando conexión directa.
2025-07-31 10:58:10,888 - instagram_login - ERROR - ❌ Error inesperado: AttributeError - 'Client' object has no attribute 'set_retry_delay'
2025-07-31 10:58:10,888 - instagram_login - ERROR - ❌ Todos los intentos fallaron para kraveaibot
2025-07-31 10:58:12,422 - instagrapi - INFO - https://i.instagram.com/api/v1/accounts/current_user/?edit=true
2025-07-31 10:58:15,713 - private_request - INFO - None [403] GET https://i.instagram.com/api/v1/accounts/current_user/?edit=true (269.0.0.18.75, OnePlus 6T Dev)
2025-07-31 10:58:15,714 - instagram_login - WARNING - ⚠️ Sesión expirada. Intentando relogin...
2025-07-31 10:58:15,714 - instagram_login - INFO - 🚀 Iniciando login para kraveaibot
2025-07-31 10:58:15,774 - instagram_login - WARNING - No se encontraron proxies válidos. Usando conexión directa.
2025-07-31 10:58:15,775 - instagram_login - ERROR - ❌ Error inesperado: AttributeError - 'Client' object has no attribute 'set_retry_delay'
2025-07-31 10:58:15,775 - instagram_login - ERROR - ❌ Todos los intentos fallaron para kraveaibot
2025-07-31 10:58:17,304 - instagrapi - INFO - https://i.instagram.com/api/v1/accounts/current_user/?edit=true
2025-07-31 10:58:20,636 - private_request - INFO - None [403] GET https://i.instagram.com/api/v1/accounts/current_user/?edit=true (269.0.0.18.75, OnePlus 6T Dev)
2025-07-31 10:58:20,636 - instagram_login - WARNING - ⚠️ Sesión expirada. Intentando relogin...
2025-07-31 10:58:20,637 - instagram_login - INFO - 🚀 Iniciando login para kraveaibot
2025-07-31 10:58:20,696 - instagram_login - WARNING - No se encontraron proxies válidos. Usando conexión directa.
2025-07-31 10:58:20,697 - instagram_login - ERROR - ❌ Error inesperado: AttributeError - 'Client' object has no attribute 'set_retry_delay'
2025-07-31 10:58:20,697 - instagram_login - ERROR - ❌ Todos los intentos fallaron para kraveaibot
2025-07-31 10:58:22,260 - instagrapi - INFO - https://i.instagram.com/api/v1/accounts/current_user/?edit=true
2025-07-31 10:58:25,577 - private_request - INFO - None [403] GET https://i.instagram.com/api/v1/accounts/current_user/?edit=true (269.0.0.18.75, OnePlus 6T Dev)
2025-07-31 10:58:25,577 - instagram_login - WARNING - ⚠️ Sesión expirada. Intentando relogin...
2025-07-31 10:58:25,578 - instagram_login - INFO - 🚀 Iniciando login para kraveaibot
2025-07-31 10:58:25,638 - instagram_login - WARNING - No se encontraron proxies válidos. Usando conexión directa.
2025-07-31 10:58:25,638 - instagram_login - ERROR - ❌ Error inesperado: AttributeError - 'Client' object has no attribute 'set_retry_delay'
2025-07-31 10:58:25,639 - instagram_login - ERROR - ❌ Todos los intentos fallaron para kraveaibot
2025-07-31 10:58:27,198 - instagrapi - INFO - https://i.instagram.com/api/v1/accounts/current_user/?edit=true
2025-07-31 10:58:30,552 - private_request - INFO - None [403] GET https://i.instagram.com/api/v1/accounts/current_user/?edit=true (269.0.0.18.75, OnePlus 6T Dev)
2025-07-31 10:58:30,553 - instagram_login - WARNING - ⚠️ Sesión expirada. Intentando relogin...
2025-07-31 10:58:30,553 - instagram_login - INFO - 🚀 Iniciando login para kraveaibot
2025-07-31 10:58:30,643 - instagram_login - WARNING - No se encontraron proxies válidos. Usando conexión directa.
2025-07-31 10:58:30,643 - instagram_login - ERROR - ❌ Error inesperado: AttributeError - 'Client' object has no attribute 'set_retry_delay'
2025-07-31 10:58:30,644 - instagram_login - ERROR - ❌ Todos los intentos fallaron para kraveaibot
2025-07-31 10:58:32,231 - instagrapi - INFO - https://i.instagram.com/api/v1/accounts/current_user/?edit=true
2025-07-31 10:58:46,753 - private_request - INFO - None [403] GET https://i.instagram.com/api/v1/accounts/current_user/?edit=true (269.0.0.18.75, OnePlus 6T Dev)
2025-07-31 10:58:46,753 - instagram_login - WARNING - ⚠️ Sesión expirada. Intentando relogin...
2025-07-31 10:58:46,753 - instagram_login - INFO - 🚀 Iniciando login para kraveaibot
2025-07-31 10:58:46,846 - instagram_login - WARNING - No se encontraron proxies válidos. Usando conexión directa.
2025-07-31 10:58:46,847 - instagram_login - ERROR - ❌ Error inesperado: AttributeError - 'Client' object has no attribute 'set_retry_delay'
2025-07-31 10:58:46,847 - instagram_login - ERROR - ❌ Todos los intentos fallaron para kraveaibot
2025-07-31 10:58:48,578 - instagrapi - INFO - https://i.instagram.com/api/v1/accounts/current_user/?edit=true
2025-07-31 10:58:51,872 - private_request - INFO - None [403] GET https://i.instagram.com/api/v1/accounts/current_user/?edit=true (269.0.0.18.75, OnePlus 6T Dev)
2025-07-31 10:58:51,874 - instagram_login - WARNING - ⚠️ Sesión expirada. Intentando relogin...
2025-07-31 10:58:51,875 - instagram_login - INFO - 🚀 Iniciando login para kraveaibot
2025-07-31 10:58:52,025 - instagram_login - WARNING - No se encontraron proxies válidos. Usando conexión directa.
2025-07-31 10:58:52,027 - instagram_login - ERROR - ❌ Error inesperado: AttributeError - 'Client' object has no attribute 'set_retry_delay'
2025-07-31 10:58:52,027 - instagram_login - ERROR - ❌ Todos los intentos fallaron para kraveaibot
2025-07-31 10:58:54,135 - instagrapi - INFO - https://i.instagram.com/api/v1/accounts/current_user/?edit=true
2025-07-31 10:58:57,650 - private_request - INFO - None [403] GET https://i.instagram.com/api/v1/accounts/current_user/?edit=true (269.0.0.18.75, OnePlus 6T Dev)
2025-07-31 10:58:57,651 - instagram_login - WARNING - ⚠️ Sesión expirada. Intentando relogin...
2025-07-31 10:58:57,651 - instagram_login - INFO - 🚀 Iniciando login para kraveaibot
2025-07-31 10:58:57,710 - instagram_login - WARNING - No se encontraron proxies válidos. Usando conexión directa.
2025-07-31 10:58:57,711 - instagram_login - ERROR - ❌ Error inesperado: AttributeError - 'Client' object has no attribute 'set_retry_delay'
2025-07-31 10:58:57,712 - instagram_login - ERROR - ❌ Todos los intentos fallaron para kraveaibot
2025-07-31 10:58:59,432 - instagrapi - INFO - https://i.instagram.com/api/v1/accounts/current_user/?edit=true
2025-07-31 10:59:02,783 - private_request - INFO - None [403] GET https://i.instagram.com/api/v1/accounts/current_user/?edit=true (269.0.0.18.75, OnePlus 6T Dev)
2025-07-31 10:59:02,783 - instagram_login - WARNING - ⚠️ Sesión expirada. Intentando relogin...
2025-07-31 10:59:02,783 - instagram_login - INFO - 🚀 Iniciando login para kraveaibot
2025-07-31 10:59:02,851 - instagram_login - WARNING - No se encontraron proxies válidos. Usando conexión directa.
2025-07-31 10:59:02,851 - instagram_login - ERROR - ❌ Error inesperado: AttributeError - 'Client' object has no attribute 'set_retry_delay'
2025-07-31 10:59:02,851 - instagram_login - ERROR - ❌ Todos los intentos fallaron para kraveaibot
2025-07-31 10:59:04,615 - instagrapi - INFO - https://i.instagram.com/api/v1/accounts/current_user/?edit=true
2025-07-31 10:59:08,548 - private_request - INFO - None [403] GET https://i.instagram.com/api/v1/accounts/current_user/?edit=true (269.0.0.18.75, OnePlus 6T Dev)
2025-07-31 10:59:08,549 - instagram_login - WARNING - ⚠️ Sesión expirada. Intentando relogin...
2025-07-31 10:59:08,549 - instagram_login - INFO - 🚀 Iniciando login para kraveaibot
2025-07-31 10:59:08,609 - instagram_login - WARNING - No se encontraron proxies válidos. Usando conexión directa.
2025-07-31 10:59:08,609 - instagram_login - ERROR - ❌ Error inesperado: AttributeError - 'Client' object has no attribute 'set_retry_delay'
2025-07-31 10:59:08,609 - instagram_login - ERROR - ❌ Todos los intentos fallaron para kraveaibot
2025-07-31 10:59:10,188 - instagrapi - INFO - https://i.instagram.com/api/v1/accounts/current_user/?edit=true
2025-07-31 10:59:13,927 - private_request - INFO - None [403] GET https://i.instagram.com/api/v1/accounts/current_user/?edit=true (269.0.0.18.75, OnePlus 6T Dev)
2025-07-31 10:59:13,927 - instagram_login - WARNING - ⚠️ Sesión expirada. Intentando relogin...
2025-07-31 10:59:13,927 - instagram_login - INFO - 🚀 Iniciando login para kraveaibot
2025-07-31 10:59:13,989 - instagram_login - WARNING - No se encontraron proxies válidos. Usando conexión directa.
2025-07-31 10:59:13,989 - instagram_login - ERROR - ❌ Error inesperado: AttributeError - 'Client' object has no attribute 'set_retry_delay'
2025-07-31 10:59:13,989 - instagram_login - ERROR - ❌ Todos los intentos fallaron para kraveaibot
2025-07-31 10:59:15,577 - instagrapi - INFO - https://i.instagram.com/api/v1/accounts/current_user/?edit=true
2025-07-31 10:59:18,973 - private_request - INFO - None [403] GET https://i.instagram.com/api/v1/accounts/current_user/?edit=true (269.0.0.18.75, OnePlus 6T Dev)
2025-07-31 10:59:18,974 - instagram_login - WARNING - ⚠️ Sesión expirada. Intentando relogin...
2025-07-31 10:59:18,974 - instagram_login - INFO - 🚀 Iniciando login para kraveaibot
2025-07-31 10:59:19,037 - instagram_login - WARNING - No se encontraron proxies válidos. Usando conexión directa.
2025-07-31 10:59:19,038 - instagram_login - ERROR - ❌ Error inesperado: AttributeError - 'Client' object has no attribute 'set_retry_delay'
2025-07-31 10:59:19,038 - instagram_login - ERROR - ❌ Todos los intentos fallaron para kraveaibot
2025-07-31 10:59:20,927 - instagrapi - INFO - https://i.instagram.com/api/v1/accounts/current_user/?edit=true
2025-07-31 10:59:24,298 - private_request - INFO - None [403] GET https://i.instagram.com/api/v1/accounts/current_user/?edit=true (269.0.0.18.75, OnePlus 6T Dev)
2025-07-31 10:59:24,299 - instagram_login - WARNING - ⚠️ Sesión expirada. Intentando relogin...
2025-07-31 10:59:24,299 - instagram_login - INFO - 🚀 Iniciando login para kraveaibot
2025-07-31 10:59:24,369 - instagram_login - WARNING - No se encontraron proxies válidos. Usando conexión directa.
2025-07-31 10:59:24,370 - instagram_login - ERROR - ❌ Error inesperado: AttributeError - 'Client' object has no attribute 'set_retry_delay'
2025-07-31 10:59:24,370 - instagram_login - ERROR - ❌ Todos los intentos fallaron para kraveaibot
2025-07-31 10:59:26,184 - instagrapi - INFO - https://i.instagram.com/api/v1/accounts/current_user/?edit=true
2025-07-31 10:59:28,091 - private_request - INFO - None [403] GET https://i.instagram.com/api/v1/accounts/current_user/?edit=true (269.0.0.18.75, OnePlus 6T Dev)
2025-07-31 10:59:28,091 - instagram_login - WARNING - ⚠️ Sesión expirada. Intentando relogin...
2025-07-31 10:59:28,092 - instagram_login - INFO - 🚀 Iniciando login para kraveaibot
2025-07-31 10:59:28,165 - instagram_login - WARNING - No se encontraron proxies válidos. Usando conexión directa.
2025-07-31 10:59:28,166 - instagram_login - ERROR - ❌ Error inesperado: AttributeError - 'Client' object has no attribute 'set_retry_delay'
2025-07-31 10:59:28,166 - instagram_login - ERROR - ❌ Todos los intentos fallaron para kraveaibot
2025-07-31 10:59:30,175 - instagrapi - INFO - https://i.instagram.com/api/v1/accounts/current_user/?edit=true
2025-07-31 10:59:33,657 - private_request - INFO - None [403] GET https://i.instagram.com/api/v1/accounts/current_user/?edit=true (269.0.0.18.75, OnePlus 6T Dev)
2025-07-31 10:59:33,657 - instagram_login - WARNING - ⚠️ Sesión expirada. Intentando relogin...
2025-07-31 10:59:33,657 - instagram_login - INFO - 🚀 Iniciando login para kraveaibot
2025-07-31 10:59:33,718 - instagram_login - WARNING - No se encontraron proxies válidos. Usando conexión directa.
2025-07-31 10:59:33,719 - instagram_login - ERROR - ❌ Error inesperado: AttributeError - 'Client' object has no attribute 'set_retry_delay'
2025-07-31 10:59:33,719 - instagram_login - ERROR - ❌ Todos los intentos fallaron para kraveaibot
2025-07-31 10:59:35,284 - instagrapi - INFO - https://i.instagram.com/api/v1/accounts/current_user/?edit=true
2025-07-31 10:59:38,825 - private_request - INFO - None [403] GET https://i.instagram.com/api/v1/accounts/current_user/?edit=true (269.0.0.18.75, OnePlus 6T Dev)
2025-07-31 10:59:38,825 - instagram_login - WARNING - ⚠️ Sesión expirada. Intentando relogin...
2025-07-31 10:59:38,826 - instagram_login - INFO - 🚀 Iniciando login para kraveaibot
2025-07-31 10:59:38,893 - instagram_login - WARNING - No se encontraron proxies válidos. Usando conexión directa.
2025-07-31 10:59:38,894 - instagram_login - ERROR - ❌ Error inesperado: AttributeError - 'Client' object has no attribute 'set_retry_delay'
2025-07-31 10:59:38,894 - instagram_login - ERROR - ❌ Todos los intentos fallaron para kraveaibot
2025-07-31 10:59:40,674 - instagrapi - INFO - https://i.instagram.com/api/v1/accounts/current_user/?edit=true
2025-07-31 10:59:44,300 - private_request - INFO - None [403] GET https://i.instagram.com/api/v1/accounts/current_user/?edit=true (269.0.0.18.75, OnePlus 6T Dev)
2025-07-31 10:59:44,300 - instagram_login - WARNING - ⚠️ Sesión expirada. Intentando relogin...
2025-07-31 10:59:44,300 - instagram_login - INFO - 🚀 Iniciando login para kraveaibot
2025-07-31 10:59:44,359 - instagram_login - WARNING - No se encontraron proxies válidos. Usando conexión directa.
2025-07-31 10:59:44,360 - instagram_login - ERROR - ❌ Error inesperado: AttributeError - 'Client' object has no attribute 'set_retry_delay'
2025-07-31 10:59:44,360 - instagram_login - ERROR - ❌ Todos los intentos fallaron para kraveaibot
2025-07-31 10:59:45,965 - instagrapi - INFO - https://i.instagram.com/api/v1/accounts/current_user/?edit=true
2025-07-31 10:59:49,457 - private_request - INFO - None [403] GET https://i.instagram.com/api/v1/accounts/current_user/?edit=true (269.0.0.18.75, OnePlus 6T Dev)
2025-07-31 10:59:49,457 - instagram_login - WARNING - ⚠️ Sesión expirada. Intentando relogin...
2025-07-31 10:59:49,457 - instagram_login - INFO - 🚀 Iniciando login para kraveaibot
2025-07-31 10:59:49,552 - instagram_login - WARNING - No se encontraron proxies válidos. Usando conexión directa.
2025-07-31 10:59:49,553 - instagram_login - ERROR - ❌ Error inesperado: AttributeError - 'Client' object has no attribute 'set_retry_delay'
2025-07-31 10:59:49,553 - instagram_login - ERROR - ❌ Todos los intentos fallaron para kraveaibot
2025-07-31 10:59:51,103 - instagrapi - INFO - https://i.instagram.com/api/v1/accounts/current_user/?edit=true
2025-07-31 10:59:54,651 - private_request - INFO - None [403] GET https://i.instagram.com/api/v1/accounts/current_user/?edit=true (269.0.0.18.75, OnePlus 6T Dev)
2025-07-31 10:59:54,651 - instagram_login - WARNING - ⚠️ Sesión expirada. Intentando relogin...
2025-07-31 10:59:54,651 - instagram_login - INFO - 🚀 Iniciando login para kraveaibot
2025-07-31 10:59:54,739 - instagram_login - WARNING - No se encontraron proxies válidos. Usando conexión directa.
2025-07-31 10:59:54,740 - instagram_login - ERROR - ❌ Error inesperado: AttributeError - 'Client' object has no attribute 'set_retry_delay'
2025-07-31 10:59:54,740 - instagram_login - ERROR - ❌ Todos los intentos fallaron para kraveaibot
2025-07-31 10:59:56,462 - instagrapi - INFO - https://i.instagram.com/api/v1/accounts/current_user/?edit=true
2025-07-31 11:00:00,208 - private_request - INFO - None [403] GET https://i.instagram.com/api/v1/accounts/current_user/?edit=true (269.0.0.18.75, OnePlus 6T Dev)
2025-07-31 11:00:00,208 - instagram_login - WARNING - ⚠️ Sesión expirada. Intentando relogin...
2025-07-31 11:00:00,208 - instagram_login - INFO - 🚀 Iniciando login para kraveaibot
2025-07-31 11:00:00,275 - instagram_login - WARNING - No se encontraron proxies válidos. Usando conexión directa.
2025-07-31 11:00:00,275 - instagram_login - ERROR - ❌ Error inesperado: AttributeError - 'Client' object has no attribute 'set_retry_delay'
2025-07-31 11:00:00,275 - instagram_login - ERROR - ❌ Todos los intentos fallaron para kraveaibot
2025-07-31 11:00:01,814 - instagrapi - INFO - https://i.instagram.com/api/v1/accounts/current_user/?edit=true
2025-07-31 11:00:04,193 - instagrapi - INFO - https://i.instagram.com/api/v1/accounts/current_user/?edit=true
2025-07-31 11:00:05,216 - private_request - INFO - None [403] GET https://i.instagram.com/api/v1/accounts/current_user/?edit=true (269.0.0.18.75, OnePlus 6T Dev)
2025-07-31 11:00:05,216 - instagram_login - WARNING - ⚠️ Sesión expirada. Intentando relogin...
2025-07-31 11:00:05,216 - instagram_login - INFO - 🚀 Iniciando login para kraveaibot
2025-07-31 11:00:05,256 - private_request - INFO - None [403] GET https://i.instagram.com/api/v1/accounts/current_user/?edit=true (269.0.0.18.75, OnePlus 6T Dev)
2025-07-31 11:00:05,256 - instagram_login - WARNING - ⚠️ Sesión expirada. Intentando relogin...
2025-07-31 11:00:05,258 - instagram_login - INFO - 🚀 Iniciando login para kraveaibot
2025-07-31 11:00:05,262 - instagram_login - WARNING - No se encontraron proxies válidos. Usando conexión directa.
2025-07-31 11:00:05,262 - instagram_login - ERROR - ❌ Error inesperado: AttributeError - 'Client' object has no attribute 'set_retry_delay'
2025-07-31 11:00:05,263 - instagram_login - ERROR - ❌ Todos los intentos fallaron para kraveaibot
2025-07-31 11:00:05,475 - instagram_login - WARNING - No se encontraron proxies válidos. Usando conexión directa.
2025-07-31 11:00:05,476 - instagram_login - ERROR - ❌ Error inesperado: AttributeError - 'Client' object has no attribute 'set_retry_delay'
2025-07-31 11:00:05,477 - instagram_login - ERROR - ❌ Todos los intentos fallaron para kraveaibot
2025-07-31 11:00:07,891 - instagrapi - INFO - https://i.instagram.com/api/v1/accounts/current_user/?edit=true
2025-07-31 11:00:11,130 - private_request - INFO - None [403] GET https://i.instagram.com/api/v1/accounts/current_user/?edit=true (269.0.0.18.75, OnePlus 6T Dev)
2025-07-31 11:00:11,130 - instagram_login - WARNING - ⚠️ Sesión expirada. Intentando relogin...
2025-07-31 11:00:11,131 - instagram_login - INFO - 🚀 Iniciando login para kraveaibot
2025-07-31 11:00:11,228 - instagram_login - WARNING - No se encontraron proxies válidos. Usando conexión directa.
2025-07-31 11:00:11,229 - instagram_login - ERROR - ❌ Error inesperado: AttributeError - 'Client' object has no attribute 'set_retry_delay'
2025-07-31 11:00:11,229 - instagram_login - ERROR - ❌ Todos los intentos fallaron para kraveaibot
2025-07-31 11:00:13,011 - instagrapi - INFO - https://i.instagram.com/api/v1/accounts/current_user/?edit=true
2025-07-31 11:00:14,659 - private_request - INFO - None [403] GET https://i.instagram.com/api/v1/accounts/current_user/?edit=true (269.0.0.18.75, OnePlus 6T Dev)
2025-07-31 11:00:14,659 - instagram_login - WARNING - ⚠️ Sesión expirada. Intentando relogin...
2025-07-31 11:00:14,659 - instagram_login - INFO - 🚀 Iniciando login para kraveaibot
2025-07-31 11:00:14,731 - instagram_login - WARNING - No se encontraron proxies válidos. Usando conexión directa.
2025-07-31 11:00:14,732 - instagram_login - ERROR - ❌ Error inesperado: AttributeError - 'Client' object has no attribute 'set_retry_delay'
2025-07-31 11:00:14,732 - instagram_login - ERROR - ❌ Todos los intentos fallaron para kraveaibot
2025-07-31 11:00:16,689 - instagrapi - INFO - https://i.instagram.com/api/v1/accounts/current_user/?edit=true
2025-07-31 11:00:20,035 - private_request - INFO - None [403] GET https://i.instagram.com/api/v1/accounts/current_user/?edit=true (269.0.0.18.75, OnePlus 6T Dev)
2025-07-31 11:00:20,035 - instagram_login - WARNING - ⚠️ Sesión expirada. Intentando relogin...
2025-07-31 11:00:20,035 - instagram_login - INFO - 🚀 Iniciando login para kraveaibot
2025-07-31 11:00:20,129 - instagram_login - WARNING - No se encontraron proxies válidos. Usando conexión directa.
2025-07-31 11:00:20,129 - instagram_login - ERROR - ❌ Error inesperado: AttributeError - 'Client' object has no attribute 'set_retry_delay'
2025-07-31 11:00:20,129 - instagram_login - ERROR - ❌ Todos los intentos fallaron para kraveaibot
2025-07-31 11:00:21,806 - instagrapi - INFO - https://i.instagram.com/api/v1/accounts/current_user/?edit=true
2025-07-31 11:00:25,149 - private_request - INFO - None [403] GET https://i.instagram.com/api/v1/accounts/current_user/?edit=true (269.0.0.18.75, OnePlus 6T Dev)
2025-07-31 11:00:25,150 - instagram_login - WARNING - ⚠️ Sesión expirada. Intentando relogin...
2025-07-31 11:00:25,150 - instagram_login - INFO - 🚀 Iniciando login para kraveaibot
2025-07-31 11:00:25,216 - instagram_login - WARNING - No se encontraron proxies válidos. Usando conexión directa.
2025-07-31 11:00:25,217 - instagram_login - ERROR - ❌ Error inesperado: AttributeError - 'Client' object has no attribute 'set_retry_delay'
2025-07-31 11:00:25,217 - instagram_login - ERROR - ❌ Todos los intentos fallaron para kraveaibot
2025-07-31 11:00:26,777 - instagrapi - INFO - https://i.instagram.com/api/v1/accounts/current_user/?edit=true
2025-07-31 11:00:41,582 - private_request - INFO - None [403] GET https://i.instagram.com/api/v1/accounts/current_user/?edit=true (269.0.0.18.75, OnePlus 6T Dev)
2025-07-31 11:00:41,582 - instagram_login - WARNING - ⚠️ Sesión expirada. Intentando relogin...
2025-07-31 11:00:41,583 - instagram_login - INFO - 🚀 Iniciando login para kraveaibot
2025-07-31 11:00:41,647 - instagram_login - WARNING - No se encontraron proxies válidos. Usando conexión directa.
2025-07-31 11:00:41,648 - instagram_login - ERROR - ❌ Error inesperado: AttributeError - 'Client' object has no attribute 'set_retry_delay'
2025-07-31 11:00:41,648 - instagram_login - ERROR - ❌ Todos los intentos fallaron para kraveaibot
2025-07-31 11:00:43,252 - instagrapi - INFO - https://i.instagram.com/api/v1/accounts/current_user/?edit=true
2025-07-31 11:00:46,676 - private_request - INFO - None [403] GET https://i.instagram.com/api/v1/accounts/current_user/?edit=true (269.0.0.18.75, OnePlus 6T Dev)
2025-07-31 11:00:46,677 - instagram_login - WARNING - ⚠️ Sesión expirada. Intentando relogin...
2025-07-31 11:00:46,677 - instagram_login - INFO - 🚀 Iniciando login para kraveaibot
2025-07-31 11:00:46,741 - instagram_login - WARNING - No se encontraron proxies válidos. Usando conexión directa.
2025-07-31 11:00:46,742 - instagram_login - ERROR - ❌ Error inesperado: AttributeError - 'Client' object has no attribute 'set_retry_delay'
2025-07-31 11:00:46,742 - instagram_login - ERROR - ❌ Todos los intentos fallaron para kraveaibot
2025-07-31 11:00:48,377 - instagrapi - INFO - https://i.instagram.com/api/v1/accounts/current_user/?edit=true
2025-07-31 11:00:51,792 - private_request - INFO - None [403] GET https://i.instagram.com/api/v1/accounts/current_user/?edit=true (269.0.0.18.75, OnePlus 6T Dev)
2025-07-31 11:00:51,793 - instagram_login - WARNING - ⚠️ Sesión expirada. Intentando relogin...
2025-07-31 11:00:51,793 - instagram_login - INFO - 🚀 Iniciando login para kraveaibot
2025-07-31 11:00:51,869 - instagram_login - WARNING - No se encontraron proxies válidos. Usando conexión directa.
2025-07-31 11:00:51,869 - instagram_login - ERROR - ❌ Error inesperado: AttributeError - 'Client' object has no attribute 'set_retry_delay'
2025-07-31 11:00:51,869 - instagram_login - ERROR - ❌ Todos los intentos fallaron para kraveaibot
2025-07-31 11:00:53,539 - instagrapi - INFO - https://i.instagram.com/api/v1/accounts/current_user/?edit=true
