[2025-06-26T03:06:00.479Z] 🔥 Iniciando KraveAI-Granja Rusa 🔥
[2025-06-26T03:06:00.481Z] ✅ Plataforma: linux
[2025-06-26T03:06:00.481Z] ✅ Modo: HEADLESS
[2025-06-26T03:06:00.481Z] ✅ Cuentas a crear: 50
[2025-06-26T03:06:01.197Z] 🔄 Inicializando sistema de proxies...
[2025-06-26T03:06:01.436Z] ✅ Sistema de proxies listo
[2025-06-26T03:06:01.437Z] 
🚀 Creando cuenta 1/50
[2025-06-26T03:06:01.438Z] ❌ Fallo: ProxyRotationSystem.getProxy is not a function
[2025-06-26T03:06:01.717Z] ⏳ Esperando 15 segundos...
2025-06-25 21:06:02,550 [INFO] httpx: HTTP Request: POST https://api.telegram.org/bot8066723325:AAH1XgvTqjDZV8wt6TLqP58euK1OwBSd-9A/sendMessage "HTTP/1.1 200 OK"
[2025-06-26T03:06:16.725Z] 
🚀 Creando cuenta 2/50
[2025-06-26T03:06:16.726Z] ❌ Fallo: ProxyRotationSystem.getProxy is not a function
[2025-06-26T03:06:17.322Z] ⏳ Esperando 15 segundos...
[2025-06-26T03:06:32.332Z] 
🚀 Creando cuenta 3/50
[2025-06-26T03:06:32.333Z] ❌ Fallo: ProxyRotationSystem.getProxy is not a function
[2025-06-26T03:06:32.958Z] ⏳ Esperando 15 segundos...
[2025-06-26T03:06:47.968Z] 
🚀 Creando cuenta 4/50
[2025-06-26T03:06:47.969Z] ❌ Fallo: ProxyRotationSystem.getProxy is not a function
[2025-06-26T03:06:48.632Z] ⏳ Esperando 15 segundos...
[2025-06-26T03:07:03.642Z] 
🚀 Creando cuenta 5/50
[2025-06-26T03:07:03.643Z] ❌ Fallo: ProxyRotationSystem.getProxy is not a function
[2025-06-26T03:07:04.289Z] ⏳ Esperando 15 segundos...
[2025-06-26T03:07:19.299Z] 
🚀 Creando cuenta 6/50
[2025-06-26T03:07:19.299Z] ❌ Fallo: ProxyRotationSystem.getProxy is not a function
[2025-06-26T03:07:19.896Z] ⏳ Esperando 15 segundos...
[2025-06-26T03:07:34.906Z] 
🚀 Creando cuenta 7/50
[2025-06-26T03:07:34.907Z] ❌ Fallo: ProxyRotationSystem.getProxy is not a function
[2025-06-26T03:07:35.568Z] ⏳ Esperando 15 segundos...
[2025-06-26T03:07:50.578Z] 
🚀 Creando cuenta 8/50
[2025-06-26T03:07:50.578Z] ❌ Fallo: ProxyRotationSystem.getProxy is not a function
[2025-06-26T03:07:51.199Z] ⏳ Esperando 15 segundos...
2025-06-25 21:08:02,183 [INFO] httpx: HTTP Request: POST https://api.telegram.org/bot8066723325:AAH1XgvTqjDZV8wt6TLqP58euK1OwBSd-9A/sendMessage "HTTP/1.1 200 OK"
[2025-06-26T03:08:06.209Z] 
🚀 Creando cuenta 9/50
[2025-06-26T03:08:06.210Z] ❌ Fallo: ProxyRotationSystem.getProxy is not a function
[2025-06-26T03:08:06.817Z] ⏳ Esperando 15 segundos...
[2025-06-26T03:08:21.827Z] 
🚀 Creando cuenta 10/50
[2025-06-26T03:08:21.828Z] ❌ Fallo: ProxyRotationSystem.getProxy is not a function
[2025-06-26T03:08:22.469Z] ⏳ Esperando 15 segundos...
[2025-06-26T03:08:37.478Z] 
🚀 Creando cuenta 11/50
[2025-06-26T03:08:37.478Z] ❌ Fallo: ProxyRotationSystem.getProxy is not a function
[2025-06-26T03:08:38.049Z] ⏳ Esperando 15 segundos...
[2025-06-26T03:08:53.059Z] 
🚀 Creando cuenta 12/50
[2025-06-26T03:08:53.060Z] ❌ Fallo: ProxyRotationSystem.getProxy is not a function
[2025-06-26T03:08:54.243Z] ⏳ Esperando 15 segundos...
[2025-06-26T03:09:09.251Z] 
🚀 Creando cuenta 13/50
[2025-06-26T03:09:09.252Z] ❌ Fallo: ProxyRotationSystem.getProxy is not a function
[2025-06-26T03:09:09.824Z] ⏳ Esperando 15 segundos...
[2025-06-26T03:09:24.835Z] 
🚀 Creando cuenta 14/50
[2025-06-26T03:09:24.835Z] ❌ Fallo: ProxyRotationSystem.getProxy is not a function
[2025-06-26T03:09:25.607Z] ⏳ Esperando 15 segundos...
[2025-06-26T03:09:40.614Z] 
🚀 Creando cuenta 15/50
[2025-06-26T03:09:40.614Z] ❌ Fallo: ProxyRotationSystem.getProxy is not a function
[2025-06-26T03:09:41.241Z] ⏳ Esperando 15 segundos...
[2025-06-26T03:09:56.250Z] 
🚀 Creando cuenta 16/50
[2025-06-26T03:09:56.250Z] ❌ Fallo: ProxyRotationSystem.getProxy is not a function
[2025-06-26T03:09:56.826Z] ⏳ Esperando 15 segundos...
2025-06-25 21:10:02,858 [INFO] httpx: HTTP Request: POST https://api.telegram.org/bot8066723325:AAH1XgvTqjDZV8wt6TLqP58euK1OwBSd-9A/sendMessage "HTTP/1.1 200 OK"
[2025-06-26T03:10:11.836Z] 
🚀 Creando cuenta 17/50
[2025-06-26T03:10:11.837Z] ❌ Fallo: ProxyRotationSystem.getProxy is not a function
[2025-06-26T03:10:13.089Z] ⏳ Esperando 15 segundos...
2025-06-25 21:18:56,639 [INFO] instagrapi: https://i.instagram.com/api/v1/feed/timeline/
2025-06-25 21:18:56,899 [INFO] private_request: None [403] POST https://i.instagram.com/api/v1/feed/timeline/ (269.0.0.18.75, OnePlus 6T Dev)
2025-06-25 21:18:56,900 [INFO] KraveAI-Backend: Cliente Instagram inicializado
2025-06-25 21:20:12,328 [INFO] httpx: HTTP Request: POST https://api.telegram.org/bot8066723325:AAH1XgvTqjDZV8wt6TLqP58euK1OwBSd-9A/sendMessage "HTTP/1.1 200 OK"
2025-06-25 21:22:14,709 [INFO] httpx: HTTP Request: POST https://api.telegram.org/bot8066723325:AAH1XgvTqjDZV8wt6TLqP58euK1OwBSd-9A/sendMessage "HTTP/1.1 200 OK"
2025-06-25 21:24:16,425 [INFO] httpx: HTTP Request: POST https://api.telegram.org/bot8066723325:AAH1XgvTqjDZV8wt6TLqP58euK1OwBSd-9A/sendMessage "HTTP/1.1 200 OK"
2025-06-25 21:26:18,507 [INFO] httpx: HTTP Request: POST https://api.telegram.org/bot8066723325:AAH1XgvTqjDZV8wt6TLqP58euK1OwBSd-9A/sendMessage "HTTP/1.1 200 OK"
2025-06-25 21:28:20,220 [INFO] httpx: HTTP Request: POST https://api.telegram.org/bot8066723325:AAH1XgvTqjDZV8wt6TLqP58euK1OwBSd-9A/sendMessage "HTTP/1.1 200 OK"
2025-06-25 21:30:22,152 [INFO] httpx: HTTP Request: POST https://api.telegram.org/bot8066723325:AAH1XgvTqjDZV8wt6TLqP58euK1OwBSd-9A/sendMessage "HTTP/1.1 200 OK"
2025-06-25 21:32:22,421 [INFO] httpx: HTTP Request: POST https://api.telegram.org/bot8066723325:AAH1XgvTqjDZV8wt6TLqP58euK1OwBSd-9A/sendMessage "HTTP/1.1 200 OK"
2025-06-25 21:34:22,158 [INFO] httpx: HTTP Request: POST https://api.telegram.org/bot8066723325:AAH1XgvTqjDZV8wt6TLqP58euK1OwBSd-9A/sendMessage "HTTP/1.1 200 OK"
2025-06-25 21:36:22,247 [INFO] httpx: HTTP Request: POST https://api.telegram.org/bot8066723325:AAH1XgvTqjDZV8wt6TLqP58euK1OwBSd-9A/sendMessage "HTTP/1.1 200 OK"
2025-06-25 21:38:22,379 [INFO] httpx: HTTP Request: POST https://api.telegram.org/bot8066723325:AAH1XgvTqjDZV8wt6TLqP58euK1OwBSd-9A/sendMessage "HTTP/1.1 200 OK"
2025-06-25 21:40:23,133 [INFO] httpx: HTTP Request: POST https://api.telegram.org/bot8066723325:AAH1XgvTqjDZV8wt6TLqP58euK1OwBSd-9A/sendMessage "HTTP/1.1 200 OK"
2025-06-25 21:42:23,012 [INFO] httpx: HTTP Request: POST https://api.telegram.org/bot8066723325:AAH1XgvTqjDZV8wt6TLqP58euK1OwBSd-9A/sendMessage "HTTP/1.1 200 OK"
2025-06-25 21:44:22,533 [INFO] httpx: HTTP Request: POST https://api.telegram.org/bot8066723325:AAH1XgvTqjDZV8wt6TLqP58euK1OwBSd-9A/sendMessage "HTTP/1.1 200 OK"
2025-06-25 21:46:22,814 [INFO] httpx: HTTP Request: POST https://api.telegram.org/bot8066723325:AAH1XgvTqjDZV8wt6TLqP58euK1OwBSd-9A/sendMessage "HTTP/1.1 200 OK"
2025-06-25 21:48:22,191 [INFO] httpx: HTTP Request: POST https://api.telegram.org/bot8066723325:AAH1XgvTqjDZV8wt6TLqP58euK1OwBSd-9A/sendMessage "HTTP/1.1 200 OK"
2025-06-25 21:50:22,150 [INFO] httpx: HTTP Request: POST https://api.telegram.org/bot8066723325:AAH1XgvTqjDZV8wt6TLqP58euK1OwBSd-9A/sendMessage "HTTP/1.1 200 OK"
2025-06-25 21:52:22,111 [INFO] httpx: HTTP Request: POST https://api.telegram.org/bot8066723325:AAH1XgvTqjDZV8wt6TLqP58euK1OwBSd-9A/sendMessage "HTTP/1.1 200 OK"
