error: ❌ Error en creación: net::ERR_NO_SUPPORTED_PROXIES at https://www.instagram.com/accounts/emailsignup/ {"timestamp":"2025-07-07T06:17:14.796Z"}
error: ❌ Error en creación: net::ERR_NO_SUPPORTED_PROXIES at https://www.instagram.com/accounts/emailsignup/ {"timestamp":"2025-07-07T06:17:17.567Z"}
error: ❌ Error en creación: net::ERR_NO_SUPPORTED_PROXIES at https://www.instagram.com/accounts/emailsignup/ {"timestamp":"2025-07-07T06:17:21.785Z"}
error: ❌ Error en creación: net::ERR_NO_SUPPORTED_PROXIES at https://www.instagram.com/accounts/emailsignup/ {"timestamp":"2025-07-07T06:17:26.284Z"}
error: ❌ Error en creación: net::ERR_NO_SUPPORTED_PROXIES at https://www.instagram.com/accounts/emailsignup/ {"timestamp":"2025-07-07T06:17:28.774Z"}
error: ❌ Error en creación: net::ERR_NO_SUPPORTED_PROXIES at https://www.instagram.com/accounts/emailsignup/ {"timestamp":"2025-07-07T06:17:34.223Z"}
error: ❌ Error en creación: net::ERR_NO_SUPPORTED_PROXIES at https://www.instagram.com/accounts/emailsignup/ {"timestamp":"2025-07-07T06:17:35.742Z"}
error: ❌ Error en creación: net::ERR_NO_SUPPORTED_PROXIES at https://www.instagram.com/accounts/emailsignup/ {"timestamp":"2025-07-07T06:17:41.921Z"}
error: ❌ Error en creación: net::ERR_NO_SUPPORTED_PROXIES at https://www.instagram.com/accounts/emailsignup/ {"timestamp":"2025-07-07T06:17:42.065Z"}
error: ❌ Error en creación: net::ERR_NO_SUPPORTED_PROXIES at https://www.instagram.com/accounts/emailsignup/ {"timestamp":"2025-07-07T06:17:48.178Z"}
error: ❌ Error en creación: net::ERR_NO_SUPPORTED_PROXIES at https://www.instagram.com/accounts/emailsignup/ {"timestamp":"2025-07-07T06:17:49.347Z"}
error: ❌ Error en creación: net::ERR_NO_SUPPORTED_PROXIES at https://www.instagram.com/accounts/emailsignup/ {"timestamp":"2025-07-07T06:17:58.682Z"}
error: ❌ Error en creación: net::ERR_NO_SUPPORTED_PROXIES at https://www.instagram.com/accounts/emailsignup/ {"timestamp":"2025-07-07T06:17:58.694Z"}
error: ⚠️ Error al tomar screenshot: Protocol error (Page.captureScreenshot): Not attached to an active page {"timestamp":"2025-07-07T06:17:58.746Z"}
error: ⚠️ Error al tomar screenshot: Protocol error (Page.captureScreenshot): Not attached to an active page {"timestamp":"2025-07-07T06:17:58.927Z"}
error: ❌ Error en creación: net::ERR_NO_SUPPORTED_PROXIES at https://www.instagram.com/accounts/emailsignup/ {"timestamp":"2025-07-07T06:18:05.948Z"}
error: ❌ Error en creación: net::ERR_NO_SUPPORTED_PROXIES at https://www.instagram.com/accounts/emailsignup/ {"timestamp":"2025-07-07T06:18:07.137Z"}
error: ❌ Error en creación: net::ERR_NO_SUPPORTED_PROXIES at https://www.instagram.com/accounts/emailsignup/ {"timestamp":"2025-07-07T06:18:11.712Z"}
error: ❌ Error en creación: net::ERR_NO_SUPPORTED_PROXIES at https://www.instagram.com/accounts/emailsignup/ {"timestamp":"2025-07-07T06:18:15.328Z"}
error: ❌ Error en creación: net::ERR_NO_SUPPORTED_PROXIES at https://www.instagram.com/accounts/emailsignup/ {"timestamp":"2025-07-07T06:18:18.840Z"}
error: ❌ Error en creación: net::ERR_NO_SUPPORTED_PROXIES at https://www.instagram.com/accounts/emailsignup/ {"timestamp":"2025-07-07T06:18:21.496Z"}
error: ❌ Error en creación: net::ERR_NO_SUPPORTED_PROXIES at https://www.instagram.com/accounts/emailsignup/ {"timestamp":"2025-07-07T06:18:25.875Z"}
error: ❌ Error en creación: net::ERR_NO_SUPPORTED_PROXIES at https://www.instagram.com/accounts/emailsignup/ {"timestamp":"2025-07-07T06:18:30.017Z"}
error: ⚠️ Error al tomar screenshot: Protocol error (Page.captureScreenshot): Not attached to an active page {"timestamp":"2025-07-07T06:18:30.069Z"}
error: ❌ Error en creación: net::ERR_NO_SUPPORTED_PROXIES at https://www.instagram.com/accounts/emailsignup/ {"timestamp":"2025-07-07T06:18:33.146Z"}
error: ❌ Error en creación: net::ERR_NO_SUPPORTED_PROXIES at https://www.instagram.com/accounts/emailsignup/ {"timestamp":"2025-07-07T06:18:37.365Z"}
error: ❌ Error en creación: net::ERR_NO_SUPPORTED_PROXIES at https://www.instagram.com/accounts/emailsignup/ {"timestamp":"2025-07-07T06:18:42.878Z"}
error: ❌ Error en creación: net::ERR_NO_SUPPORTED_PROXIES at https://www.instagram.com/accounts/emailsignup/ {"timestamp":"2025-07-07T06:18:45.296Z"}
error: ⚠️ Error al tomar screenshot: Protocol error (Page.captureScreenshot): Not attached to an active page {"timestamp":"2025-07-07T06:18:45.348Z"}
error: ❌ Error en creación: net::ERR_NO_SUPPORTED_PROXIES at https://www.instagram.com/accounts/emailsignup/ {"timestamp":"2025-07-07T06:18:50.223Z"}
error: ❌ Error en creación: net::ERR_NO_SUPPORTED_PROXIES at https://www.instagram.com/accounts/emailsignup/ {"timestamp":"2025-07-07T06:18:53.993Z"}
error: ⚠️ Error al tomar screenshot: Protocol error (Page.captureScreenshot): Not attached to an active page {"timestamp":"2025-07-07T06:18:54.044Z"}
error: ❌ Error en creación: net::ERR_NO_SUPPORTED_PROXIES at https://www.instagram.com/accounts/emailsignup/ {"timestamp":"2025-07-07T06:19:06.178Z"}
error: ⚠️ Error al tomar screenshot: Protocol error (Page.captureScreenshot): Not attached to an active page {"timestamp":"2025-07-07T06:19:06.241Z"}
error: ❌ Error en creación: net::ERR_NO_SUPPORTED_PROXIES at https://www.instagram.com/accounts/emailsignup/ {"timestamp":"2025-07-07T06:19:07.894Z"}
error: ⚠️ Error al tomar screenshot: Protocol error (Page.captureScreenshot): Not attached to an active page {"timestamp":"2025-07-07T06:19:07.945Z"}
error: ❌ Error en creación: net::ERR_NO_SUPPORTED_PROXIES at https://www.instagram.com/accounts/emailsignup/ {"timestamp":"2025-07-07T06:19:23.048Z"}
error: ⚠️ Error al tomar screenshot: Protocol error (Page.captureScreenshot): Not attached to an active page {"timestamp":"2025-07-07T06:19:23.100Z"}
error: ❌ Error en creación: net::ERR_NO_SUPPORTED_PROXIES at https://www.instagram.com/accounts/emailsignup/ {"timestamp":"2025-07-07T06:19:23.516Z"}
error: ❌ Error en creación: net::ERR_NO_SUPPORTED_PROXIES at https://www.instagram.com/accounts/emailsignup/ {"timestamp":"2025-07-07T06:19:28.752Z"}
error: ❌ Error en creación: net::ERR_NO_SUPPORTED_PROXIES at https://www.instagram.com/accounts/emailsignup/ {"timestamp":"2025-07-07T06:19:34.671Z"}
error: ⚠️ Error al tomar screenshot: Protocol error (Page.captureScreenshot): Not attached to an active page {"timestamp":"2025-07-07T06:19:34.729Z"}
error: ❌ Error en creación: net::ERR_NO_SUPPORTED_PROXIES at https://www.instagram.com/accounts/emailsignup/ {"timestamp":"2025-07-07T06:19:37.790Z"}
error: ❌ Error en creación: net::ERR_NO_SUPPORTED_PROXIES at https://www.instagram.com/accounts/emailsignup/ {"timestamp":"2025-07-07T06:19:44.876Z"}
error: ⚠️ Error al tomar screenshot: Protocol error (Page.captureScreenshot): Not attached to an active page {"timestamp":"2025-07-07T06:19:44.928Z"}
error: ❌ Error en creación: net::ERR_NO_SUPPORTED_PROXIES at https://www.instagram.com/accounts/emailsignup/ {"timestamp":"2025-07-07T06:19:50.820Z"}
error: ❌ Error en creación: net::ERR_NO_SUPPORTED_PROXIES at https://www.instagram.com/accounts/emailsignup/ {"timestamp":"2025-07-07T06:19:57.152Z"}
error: ❌ Error en creación: net::ERR_NO_SUPPORTED_PROXIES at https://www.instagram.com/accounts/emailsignup/ {"timestamp":"2025-07-07T06:20:02.796Z"}
error: ⚠️ Error al tomar screenshot: Protocol error (Page.captureScreenshot): Not attached to an active page {"timestamp":"2025-07-07T06:20:02.848Z"}
error: ❌ Error en creación: net::ERR_NO_SUPPORTED_PROXIES at https://www.instagram.com/accounts/emailsignup/ {"timestamp":"2025-07-07T06:20:06.082Z"}
error: ❌ Error en creación: net::ERR_NO_SUPPORTED_PROXIES at https://www.instagram.com/accounts/emailsignup/ {"timestamp":"2025-07-07T06:20:18.875Z"}
error: ❌ Error en creación: net::ERR_NO_SUPPORTED_PROXIES at https://www.instagram.com/accounts/emailsignup/ {"timestamp":"2025-07-07T06:20:18.924Z"}
error: ❌ Error en creación: net::ERR_NO_SUPPORTED_PROXIES at https://www.instagram.com/accounts/emailsignup/ {"timestamp":"2025-07-07T06:20:37.565Z"}
error: ⚠️ Error al tomar screenshot: Protocol error (Page.captureScreenshot): Not attached to an active page {"timestamp":"2025-07-07T06:20:37.617Z"}
error: ❌ Error en creación: net::ERR_NO_SUPPORTED_PROXIES at https://www.instagram.com/accounts/emailsignup/ {"timestamp":"2025-07-07T06:20:37.904Z"}
error: ❌ Error en creación: net::ERR_NO_SUPPORTED_PROXIES at https://www.instagram.com/accounts/emailsignup/ {"timestamp":"2025-07-07T06:20:44.924Z"}
error: ❌ Error en creación: net::ERR_NO_SUPPORTED_PROXIES at https://www.instagram.com/accounts/emailsignup/ {"timestamp":"2025-07-07T06:20:52.015Z"}
error: ❌ Error en creación: net::ERR_NO_SUPPORTED_PROXIES at https://www.instagram.com/accounts/emailsignup/ {"timestamp":"2025-07-07T06:20:58.236Z"}
error: ❌ Error en creación: net::ERR_NO_SUPPORTED_PROXIES at https://www.instagram.com/accounts/emailsignup/ {"timestamp":"2025-07-07T06:21:05.455Z"}
error: ❌ Error en creación: net::ERR_NO_SUPPORTED_PROXIES at https://www.instagram.com/accounts/emailsignup/ {"timestamp":"2025-07-07T06:21:12.398Z"}
error: ❌ Error en creación: net::ERR_NO_SUPPORTED_PROXIES at https://www.instagram.com/accounts/emailsignup/ {"timestamp":"2025-07-07T06:21:19.432Z"}
error: ❌ Error en creación: net::ERR_NO_SUPPORTED_PROXIES at https://www.instagram.com/accounts/emailsignup/ {"timestamp":"2025-07-07T06:21:25.659Z"}
error: ❌ Error en creación: net::ERR_NO_SUPPORTED_PROXIES at https://www.instagram.com/accounts/emailsignup/ {"timestamp":"2025-07-07T06:21:32.670Z"}
error: ❌ Error en creación: net::ERR_NO_SUPPORTED_PROXIES at https://www.instagram.com/accounts/emailsignup/ {"timestamp":"2025-07-07T06:21:39.677Z"}
error: ❌ Error en creación: net::ERR_NO_SUPPORTED_PROXIES at https://www.instagram.com/accounts/emailsignup/ {"timestamp":"2025-07-07T06:21:46.757Z"}
error: ❌ Error en creación: net::ERR_NO_SUPPORTED_PROXIES at https://www.instagram.com/accounts/emailsignup/ {"timestamp":"2025-07-07T06:21:52.317Z"}
error: ❌ Error en creación: net::ERR_NO_SUPPORTED_PROXIES at https://www.instagram.com/accounts/emailsignup/ {"timestamp":"2025-07-07T06:22:02.993Z"}
error: ⚠️ Error al tomar screenshot: Protocol error (Page.captureScreenshot): Not attached to an active page {"timestamp":"2025-07-07T06:22:03.045Z"}
error: ❌ Error en creación: net::ERR_NO_SUPPORTED_PROXIES at https://www.instagram.com/accounts/emailsignup/ {"timestamp":"2025-07-07T06:22:10.272Z"}
error: ❌ Error en creación: net::ERR_NO_SUPPORTED_PROXIES at https://www.instagram.com/accounts/emailsignup/ {"timestamp":"2025-07-07T06:22:17.473Z"}
error: ❌ Error en creación: net::ERR_NO_SUPPORTED_PROXIES at https://www.instagram.com/accounts/emailsignup/ {"timestamp":"2025-07-07T06:22:23.203Z"}
error: ❌ Error en creación: net::ERR_NO_SUPPORTED_PROXIES at https://www.instagram.com/accounts/emailsignup/ {"timestamp":"2025-07-07T06:22:33.224Z"}
error: ❌ Error en creación: net::ERR_NO_SUPPORTED_PROXIES at https://www.instagram.com/accounts/emailsignup/ {"timestamp":"2025-07-07T06:22:46.322Z"}
error: ❌ Error en creación: net::ERR_NO_SUPPORTED_PROXIES at https://www.instagram.com/accounts/emailsignup/ {"timestamp":"2025-07-07T06:23:02.509Z"}
error: ⚠️ Error al tomar screenshot: Protocol error (Page.captureScreenshot): Not attached to an active page {"timestamp":"2025-07-07T06:23:02.653Z"}
2025-07-19T13:24:12: /usr/bin/bash: /usr/bin/bash: cannot execute binary file
2025-07-19T13:24:12: /usr/bin/bash: /usr/bin/bash: cannot execute binary file
2025-07-19T13:24:12: /usr/bin/bash: /usr/bin/bash: cannot execute binary file
2025-07-19T13:24:12: /usr/bin/bash: /usr/bin/bash: cannot execute binary file
2025-07-19T13:24:12: /usr/bin/bash: /usr/bin/bash: cannot execute binary file
2025-07-19T13:24:12: /usr/bin/bash: /usr/bin/bash: cannot execute binary file
2025-07-19T13:24:12: /usr/bin/bash: /usr/bin/bash: cannot execute binary file
2025-07-19T13:24:12: /usr/bin/bash: /usr/bin/bash: cannot execute binary file
2025-07-19T13:24:12: /usr/bin/bash: /usr/bin/bash: cannot execute binary file
2025-07-19T13:24:12: /usr/bin/bash: /usr/bin/bash: cannot execute binary file
2025-07-19T13:24:12: /usr/bin/bash: /usr/bin/bash: cannot execute binary file
2025-07-19T13:24:12: /usr/bin/bash: /usr/bin/bash: cannot execute binary file
2025-07-19T13:24:12: /usr/bin/bash: /usr/bin/bash: cannot execute binary file
2025-07-19T13:24:12: /usr/bin/bash: /usr/bin/bash: cannot execute binary file
2025-07-19T13:24:12: /usr/bin/bash: /usr/bin/bash: cannot execute binary file
2025-07-19T13:24:12: /usr/bin/bash: /usr/bin/bash: cannot execute binary file
2025-07-19 14:00:18: 2025-07-19 14:00:18,270 [INFO] ✅ Variables de entorno cargadas desde .env
2025-07-19 14:00:18: INFO:     Started server process [784584]
2025-07-19 14:00:18: INFO:     Waiting for application startup.
2025-07-19 14:00:18: 2025-07-19 14:00:18,275 [INFO] 🚀 Iniciando carga de sesiones...
2025-07-19 14:00:18: 2025-07-19 14:00:18,276 [INFO] https://i.instagram.com/api/v1/launcher/sync/
