warning: fetch updated the current branch head.
fast-forwarding your working tree from
commit f4bb28d7d2e7f57f88a87862a88ba617639b783d.
error: The following untracked working tree files would be overwritten by merge:
	logs/git.log
	logs/tunnel.log
Please move or remove them before you merge.
Aborting
fatal: Cannot fast-forward your working tree.
After making sure that you saved anything precious from
$ git diff f4bb28d7d2e7f57f88a87862a88ba617639b783d
output, run
$ git reset --hard
to recover.
Already up to date.
Already up to date.
Already up to date.
Already up to date.
Already up to date.
From https://github.com/karmeangomez/kraveai-backend
   c634d132..60bdab48  main       -> origin/main
warning: fetch updated the current branch head.
fast-forwarding your working tree from
commit 7f8ddfde6409badeed7ba7625c75901bd0f9c5a4.
error: cannot rebase: You have unstaged changes.
error: Please commit or stash them.
From https://github.com/karmeangomez/kraveai-backend
   60bdab48..c9fa5e95  main       -> origin/main
error: cannot rebase: You have unstaged changes.
error: Please commit or stash them.
warning: fetch updated the current branch head.
fast-forwarding your working tree from
commit 57a55c80a7061f68b4fc291d3a33b2b45505523e.
Already up to date.
Already up to date.
error: cannot pull with rebase: You have unstaged changes.
error: please commit or stash them.
error: cannot pull with rebase: You have unstaged changes.
error: please commit or stash them.
error: cannot pull with rebase: You have unstaged changes.
error: please commit or stash them.
error: cannot pull with rebase: You have unstaged changes.
error: please commit or stash them.
error: cannot pull with rebase: You have unstaged changes.
error: please commit or stash them.
error: cannot pull with rebase: You have unstaged changes.
error: please commit or stash them.
error: cannot pull with rebase: You have unstaged changes.
error: please commit or stash them.
error: cannot pull with rebase: You have unstaged changes.
error: please commit or stash them.
error: cannot pull with rebase: You have unstaged changes.
error: please commit or stash them.
error: cannot pull with rebase: You have unstaged changes.
error: please commit or stash them.
Already up to date.
Already up to date.
warning: fetch updated the current branch head.
fast-forwarding your working tree from
commit abc5e13d0e2133d07f8c81e6b6ac0621fd77efe8.
Already up to date.
Already up to date.
Already up to date.
warning: fetch updated the current branch head.
fast-forwarding your working tree from
commit ebc63a583dcba4562e681e360943d9fba4df11c0.
Already up to date.
Already up to date.
Already up to date.
Already up to date.
Already up to date.
Already up to date.
warning: fetch updated the current branch head.
fast-forwarding your working tree from
commit 020a78316c4bc1e30b5284a0e21c15cbee193d99.
Already up to date.
