2025-07-19 14:08:04: Enter code (6 digits) for kraveaibot (ChallengeChoice.EMAIL): 
2025-07-19 14:49:00: Enter code (6 digits) for kraveaibot (ChallengeChoice.EMAIL): 
2025-07-20 16:46:48: ❌ IG_USERNAME o INSTAGRAM_PASS no configuradas en .env
2025-07-20 16:46:48: ❌ IG_USERNAME o INSTAGRAM_PASS no configuradas en .env
2025-07-20 16:46:49: ❌ IG_USERNAME o INSTAGRAM_PASS no configuradas en .env
2025-07-20 16:46:50: ❌ IG_USERNAME o INSTAGRAM_PASS no configuradas en .env
2025-07-20 16:46:50: ❌ IG_USERNAME o INSTAGRAM_PASS no configuradas en .env
2025-07-20 16:46:51: ❌ IG_USERNAME o INSTAGRAM_PASS no configuradas en .env
2025-07-20 16:46:52: ❌ IG_USERNAME o INSTAGRAM_PASS no configuradas en .env
2025-07-20 16:46:52: ❌ IG_USERNAME o INSTAGRAM_PASS no configuradas en .env
2025-07-20 16:46:53: ❌ IG_USERNAME o INSTAGRAM_PASS no configuradas en .env
2025-07-20 16:46:54: ❌ IG_USERNAME o INSTAGRAM_PASS no configuradas en .env
2025-07-20 16:46:54: ❌ IG_USERNAME o INSTAGRAM_PASS no configuradas en .env
2025-07-20 16:46:55: ❌ IG_USERNAME o INSTAGRAM_PASS no configuradas en .env
2025-07-20 16:46:56: ❌ IG_USERNAME o INSTAGRAM_PASS no configuradas en .env
2025-07-20 16:46:56: ❌ IG_USERNAME o INSTAGRAM_PASS no configuradas en .env
2025-07-20 16:46:57: ❌ IG_USERNAME o INSTAGRAM_PASS no configuradas en .env
2025-07-20 16:46:58: ❌ IG_USERNAME o INSTAGRAM_PASS no configuradas en .env
2025-07-20 16:46:58: ❌ IG_USERNAME o INSTAGRAM_PASS no configuradas en .env
2025-07-20 16:46:59: ❌ IG_USERNAME o INSTAGRAM_PASS no configuradas en .env
2025-07-20 16:46:59: ❌ IG_USERNAME o INSTAGRAM_PASS no configuradas en .env
2025-07-20 16:47:00: ❌ IG_USERNAME o INSTAGRAM_PASS no configuradas en .env
2025-07-20 16:47:01: ❌ IG_USERNAME o INSTAGRAM_PASS no configuradas en .env
2025-07-20 16:47:01: ❌ IG_USERNAME o INSTAGRAM_PASS no configuradas en .env
2025-07-20 16:47:02: ❌ IG_USERNAME o INSTAGRAM_PASS no configuradas en .env
2025-07-20 16:47:03: ❌ IG_USERNAME o INSTAGRAM_PASS no configuradas en .env
2025-07-20 16:47:03: ❌ IG_USERNAME o INSTAGRAM_PASS no configuradas en .env
2025-07-20 16:47:04: ❌ IG_USERNAME o INSTAGRAM_PASS no configuradas en .env
2025-07-20 16:47:05: ❌ IG_USERNAME o INSTAGRAM_PASS no configuradas en .env
2025-07-20 16:47:05: ❌ IG_USERNAME o INSTAGRAM_PASS no configuradas en .env
2025-07-20 16:47:06: ❌ IG_USERNAME o INSTAGRAM_PASS no configuradas en .env
2025-07-20 16:47:06: ❌ IG_USERNAME o INSTAGRAM_PASS no configuradas en .env
2025-07-20 16:47:07: ❌ IG_USERNAME o INSTAGRAM_PASS no configuradas en .env
2025-07-20 16:47:08: ❌ IG_USERNAME o INSTAGRAM_PASS no configuradas en .env
2025-07-20 17:15:01: ❌ Faltan IG_USERNAME o INSTAGRAM_PASS en .env
2025-07-20 17:15:01: ❌ Faltan IG_USERNAME o INSTAGRAM_PASS en .env
2025-07-20 17:15:02: ❌ Faltan IG_USERNAME o INSTAGRAM_PASS en .env
2025-07-20 17:15:03: ❌ Faltan IG_USERNAME o INSTAGRAM_PASS en .env
2025-07-20 17:15:03: ❌ Faltan IG_USERNAME o INSTAGRAM_PASS en .env
2025-07-20 17:15:04: ❌ Faltan IG_USERNAME o INSTAGRAM_PASS en .env
2025-07-20 17:15:05: ❌ Faltan IG_USERNAME o INSTAGRAM_PASS en .env
2025-07-20 17:15:05: ❌ Faltan IG_USERNAME o INSTAGRAM_PASS en .env
2025-07-20 17:15:06: ❌ Faltan IG_USERNAME o INSTAGRAM_PASS en .env
2025-07-20 17:15:07: ❌ Faltan IG_USERNAME o INSTAGRAM_PASS en .env
2025-07-20 17:15:08: ❌ Faltan IG_USERNAME o INSTAGRAM_PASS en .env
2025-07-20 17:15:09: ❌ Faltan IG_USERNAME o INSTAGRAM_PASS en .env
2025-07-20 17:15:09: ❌ Faltan IG_USERNAME o INSTAGRAM_PASS en .env
2025-07-20 17:15:10: ❌ Faltan IG_USERNAME o INSTAGRAM_PASS en .env
2025-07-20 17:15:10: ❌ Faltan IG_USERNAME o INSTAGRAM_PASS en .env
2025-07-20 17:15:11: ❌ Faltan IG_USERNAME o INSTAGRAM_PASS en .env
2025-07-20 17:22:01: ❌ Faltan IG_USERNAME o INSTAGRAM_PASS en .env
2025-07-20 17:22:02: ❌ Faltan IG_USERNAME o INSTAGRAM_PASS en .env
2025-07-20 17:22:03: ❌ Faltan IG_USERNAME o INSTAGRAM_PASS en .env
2025-07-20 17:22:03: ❌ Faltan IG_USERNAME o INSTAGRAM_PASS en .env
2025-07-20 17:22:04: ❌ Faltan IG_USERNAME o INSTAGRAM_PASS en .env
2025-07-20 17:22:05: ❌ Faltan IG_USERNAME o INSTAGRAM_PASS en .env
2025-07-20 17:22:06: ❌ Faltan IG_USERNAME o INSTAGRAM_PASS en .env
2025-07-20 17:22:06: ❌ Faltan IG_USERNAME o INSTAGRAM_PASS en .env
2025-07-20 17:22:07: ❌ Faltan IG_USERNAME o INSTAGRAM_PASS en .env
2025-07-20 17:22:07: ❌ Faltan IG_USERNAME o INSTAGRAM_PASS en .env
2025-07-20 17:22:08: ❌ Faltan IG_USERNAME o INSTAGRAM_PASS en .env
2025-07-20 17:22:08: ❌ Faltan IG_USERNAME o INSTAGRAM_PASS en .env
2025-07-20 17:22:09: ❌ Faltan IG_USERNAME o INSTAGRAM_PASS en .env
2025-07-20 17:22:10: ❌ Faltan IG_USERNAME o INSTAGRAM_PASS en .env
2025-07-20 17:22:10: ❌ Faltan IG_USERNAME o INSTAGRAM_PASS en .env
2025-07-20 17:22:11: ❌ Faltan IG_USERNAME o INSTAGRAM_PASS en .env
2025-07-20 17:22:11: ❌ Faltan IG_USERNAME o INSTAGRAM_PASS en .env
2025-07-20 17:22:12: ❌ Faltan IG_USERNAME o INSTAGRAM_PASS en .env
2025-07-20 17:22:12: ❌ Faltan IG_USERNAME o INSTAGRAM_PASS en .env
2025-07-20 17:22:13: ❌ Faltan IG_USERNAME o INSTAGRAM_PASS en .env
2025-07-20 17:22:13: ❌ Faltan IG_USERNAME o INSTAGRAM_PASS en .env
2025-07-20 17:22:14: ❌ Faltan IG_USERNAME o INSTAGRAM_PASS en .env
2025-07-20 17:22:14: ❌ Faltan IG_USERNAME o INSTAGRAM_PASS en .env
2025-07-20 17:22:15: ❌ Faltan IG_USERNAME o INSTAGRAM_PASS en .env
2025-07-20 17:22:16: ❌ Faltan IG_USERNAME o INSTAGRAM_PASS en .env
2025-07-20 17:22:16: ❌ Faltan IG_USERNAME o INSTAGRAM_PASS en .env
2025-07-20 17:22:17: ❌ Faltan IG_USERNAME o INSTAGRAM_PASS en .env
2025-07-20 17:22:17: ❌ Faltan IG_USERNAME o INSTAGRAM_PASS en .env
2025-07-20 17:22:18: ❌ Faltan IG_USERNAME o INSTAGRAM_PASS en .env
2025-07-20 17:22:18: ❌ Faltan IG_USERNAME o INSTAGRAM_PASS en .env
2025-07-20 17:22:19: ❌ Faltan IG_USERNAME o INSTAGRAM_PASS en .env
2025-07-20 17:22:19: ❌ Faltan IG_USERNAME o INSTAGRAM_PASS en .env
2025-07-20 17:22:20: ❌ Faltan IG_USERNAME o INSTAGRAM_PASS en .env
2025-07-20 17:22:20: ❌ Faltan IG_USERNAME o INSTAGRAM_PASS en .env
2025-07-20 17:22:21: ❌ Faltan IG_USERNAME o INSTAGRAM_PASS en .env
2025-07-20 17:22:22: ❌ Faltan IG_USERNAME o INSTAGRAM_PASS en .env
2025-07-20 17:22:22: ❌ Faltan IG_USERNAME o INSTAGRAM_PASS en .env
2025-07-20 17:22:23: ❌ Faltan IG_USERNAME o INSTAGRAM_PASS en .env
2025-07-20 17:22:23: ❌ Faltan IG_USERNAME o INSTAGRAM_PASS en .env
2025-07-20 17:22:24: ❌ Faltan IG_USERNAME o INSTAGRAM_PASS en .env
2025-07-20 17:22:24: ❌ Faltan IG_USERNAME o INSTAGRAM_PASS en .env
2025-07-20 17:22:25: ❌ Faltan IG_USERNAME o INSTAGRAM_PASS en .env
2025-07-20 17:22:25: ❌ Faltan IG_USERNAME o INSTAGRAM_PASS en .env
2025-07-20 17:22:26: ❌ Faltan IG_USERNAME o INSTAGRAM_PASS en .env
2025-07-20 17:22:26: ❌ Faltan IG_USERNAME o INSTAGRAM_PASS en .env
2025-07-20 17:22:27: ❌ Faltan IG_USERNAME o INSTAGRAM_PASS en .env
2025-07-20 17:22:27: ❌ Faltan IG_USERNAME o INSTAGRAM_PASS en .env
2025-07-20 17:22:28: ❌ Faltan IG_USERNAME o INSTAGRAM_PASS en .env
2025-07-20 17:22:28: ❌ Faltan IG_USERNAME o INSTAGRAM_PASS en .env
2025-07-20 17:22:29: ❌ Faltan IG_USERNAME o INSTAGRAM_PASS en .env
2025-07-20 17:22:30: ❌ Faltan IG_USERNAME o INSTAGRAM_PASS en .env
2025-07-20 17:22:30: ❌ Faltan IG_USERNAME o INSTAGRAM_PASS en .env
2025-07-20 17:22:31: ❌ Faltan IG_USERNAME o INSTAGRAM_PASS en .env
2025-07-20 17:22:31: ❌ Faltan IG_USERNAME o INSTAGRAM_PASS en .env
2025-07-20 17:22:32: ❌ Faltan IG_USERNAME o INSTAGRAM_PASS en .env
2025-07-20 17:22:32: ❌ Faltan IG_USERNAME o INSTAGRAM_PASS en .env
2025-07-20 17:22:33: ❌ Faltan IG_USERNAME o INSTAGRAM_PASS en .env
2025-07-20 17:22:33: ❌ Faltan IG_USERNAME o INSTAGRAM_PASS en .env
2025-07-20 17:22:34: ❌ Faltan IG_USERNAME o INSTAGRAM_PASS en .env
2025-07-20 17:22:34: ❌ Faltan IG_USERNAME o INSTAGRAM_PASS en .env
2025-07-20 17:22:35: ❌ Faltan IG_USERNAME o INSTAGRAM_PASS en .env
2025-07-20 17:22:35: ❌ Faltan IG_USERNAME o INSTAGRAM_PASS en .env
2025-07-20 17:22:36: ❌ Faltan IG_USERNAME o INSTAGRAM_PASS en .env
2025-07-20 17:22:37: ❌ Faltan IG_USERNAME o INSTAGRAM_PASS en .env
2025-07-20 17:22:37: ❌ Faltan IG_USERNAME o INSTAGRAM_PASS en .env
2025-07-20 17:22:38: ❌ Faltan IG_USERNAME o INSTAGRAM_PASS en .env
2025-07-20 17:22:38: ❌ Faltan IG_USERNAME o INSTAGRAM_PASS en .env
2025-07-20 17:22:39: ❌ Faltan IG_USERNAME o INSTAGRAM_PASS en .env
2025-07-20 17:22:39: ❌ Faltan IG_USERNAME o INSTAGRAM_PASS en .env
2025-07-20 17:22:40: ❌ Faltan IG_USERNAME o INSTAGRAM_PASS en .env
2025-07-20 17:22:40: ❌ Faltan IG_USERNAME o INSTAGRAM_PASS en .env
2025-07-20 17:22:41: ❌ Faltan IG_USERNAME o INSTAGRAM_PASS en .env
2025-07-20 17:22:42: ❌ Faltan IG_USERNAME o INSTAGRAM_PASS en .env
2025-07-20 17:22:42: ❌ Faltan IG_USERNAME o INSTAGRAM_PASS en .env
2025-07-20 17:22:43: ❌ Faltan IG_USERNAME o INSTAGRAM_PASS en .env
2025-07-20 17:22:43: ❌ Faltan IG_USERNAME o INSTAGRAM_PASS en .env
2025-07-20 17:22:44: ❌ Faltan IG_USERNAME o INSTAGRAM_PASS en .env
2025-07-20 17:22:44: ❌ Faltan IG_USERNAME o INSTAGRAM_PASS en .env
2025-07-20 17:22:45: ❌ Faltan IG_USERNAME o INSTAGRAM_PASS en .env
2025-07-20 17:22:45: ❌ Faltan IG_USERNAME o INSTAGRAM_PASS en .env
2025-07-20 17:22:46: ❌ Faltan IG_USERNAME o INSTAGRAM_PASS en .env
2025-07-20 17:22:46: ❌ Faltan IG_USERNAME o INSTAGRAM_PASS en .env
2025-07-20 17:22:47: ❌ Faltan IG_USERNAME o INSTAGRAM_PASS en .env
2025-07-20 17:22:47: ❌ Faltan IG_USERNAME o INSTAGRAM_PASS en .env
2025-07-20 17:22:48: ❌ Faltan IG_USERNAME o INSTAGRAM_PASS en .env
2025-07-20 17:22:49: ❌ Faltan IG_USERNAME o INSTAGRAM_PASS en .env
2025-07-20 17:22:49: ❌ Faltan IG_USERNAME o INSTAGRAM_PASS en .env
2025-07-20 17:22:50: ❌ Faltan IG_USERNAME o INSTAGRAM_PASS en .env
2025-07-20 17:22:50: ❌ Faltan IG_USERNAME o INSTAGRAM_PASS en .env
2025-07-20 17:22:51: ❌ Faltan IG_USERNAME o INSTAGRAM_PASS en .env
2025-07-20 17:22:51: ❌ Faltan IG_USERNAME o INSTAGRAM_PASS en .env
2025-07-20 17:22:52: ❌ Faltan IG_USERNAME o INSTAGRAM_PASS en .env
2025-07-20 17:22:52: ❌ Faltan IG_USERNAME o INSTAGRAM_PASS en .env
2025-07-21 11:54:16: ❌ Faltan IG_USERNAME o INSTAGRAM_PASS en .env
2025-07-21 11:54:17: ❌ Faltan IG_USERNAME o INSTAGRAM_PASS en .env
2025-07-21 11:54:17: ❌ Faltan IG_USERNAME o INSTAGRAM_PASS en .env
2025-07-21 11:54:18: ❌ Faltan IG_USERNAME o INSTAGRAM_PASS en .env
2025-07-21 11:54:18: ❌ Faltan IG_USERNAME o INSTAGRAM_PASS en .env
2025-07-21 11:54:19: ❌ Faltan IG_USERNAME o INSTAGRAM_PASS en .env
2025-07-21 11:54:19: ❌ Faltan IG_USERNAME o INSTAGRAM_PASS en .env
2025-07-21 11:54:20: ❌ Faltan IG_USERNAME o INSTAGRAM_PASS en .env
2025-07-21 11:54:20: ❌ Faltan IG_USERNAME o INSTAGRAM_PASS en .env
2025-07-21 11:54:21: ❌ Faltan IG_USERNAME o INSTAGRAM_PASS en .env
2025-07-21 11:54:21: ❌ Faltan IG_USERNAME o INSTAGRAM_PASS en .env
2025-07-21 11:54:22: ❌ Faltan IG_USERNAME o INSTAGRAM_PASS en .env
2025-07-21 11:54:23: ❌ Faltan IG_USERNAME o INSTAGRAM_PASS en .env
2025-07-21 11:54:23: ❌ Faltan IG_USERNAME o INSTAGRAM_PASS en .env
2025-07-21 11:54:24: ❌ Faltan IG_USERNAME o INSTAGRAM_PASS en .env
2025-07-21 11:54:24: ❌ Faltan IG_USERNAME o INSTAGRAM_PASS en .env
2025-07-21 11:54:25: ❌ Faltan IG_USERNAME o INSTAGRAM_PASS en .env
2025-07-21 11:54:25: ❌ Faltan IG_USERNAME o INSTAGRAM_PASS en .env
2025-07-21 11:54:26: ❌ Faltan IG_USERNAME o INSTAGRAM_PASS en .env
2025-07-21 11:54:26: ❌ Faltan IG_USERNAME o INSTAGRAM_PASS en .env
2025-07-21 11:54:27: ❌ Faltan IG_USERNAME o INSTAGRAM_PASS en .env
2025-07-21 11:54:27: ❌ Faltan IG_USERNAME o INSTAGRAM_PASS en .env
2025-07-21 11:54:28: ❌ Faltan IG_USERNAME o INSTAGRAM_PASS en .env
2025-07-21 11:54:29: ❌ Faltan IG_USERNAME o INSTAGRAM_PASS en .env
2025-07-21 11:54:29: ❌ Faltan IG_USERNAME o INSTAGRAM_PASS en .env
2025-07-21 11:54:30: ❌ Faltan IG_USERNAME o INSTAGRAM_PASS en .env
2025-07-21 11:54:30: ❌ Faltan IG_USERNAME o INSTAGRAM_PASS en .env
2025-07-21 11:54:31: ❌ Faltan IG_USERNAME o INSTAGRAM_PASS en .env
2025-07-21 11:54:31: ❌ Faltan IG_USERNAME o INSTAGRAM_PASS en .env
2025-07-21 11:54:32: ❌ Faltan IG_USERNAME o INSTAGRAM_PASS en .env
2025-07-21 11:54:32: ❌ Faltan IG_USERNAME o INSTAGRAM_PASS en .env
2025-07-21 11:54:33: ❌ Faltan IG_USERNAME o INSTAGRAM_PASS en .env
2025-07-21 11:54:33: ❌ Faltan IG_USERNAME o INSTAGRAM_PASS en .env
2025-07-21 11:54:34: ❌ Faltan IG_USERNAME o INSTAGRAM_PASS en .env
2025-07-21 11:54:34: ❌ Faltan IG_USERNAME o INSTAGRAM_PASS en .env
2025-07-21 11:54:35: ❌ Faltan IG_USERNAME o INSTAGRAM_PASS en .env
2025-07-21 11:54:36: ❌ Faltan IG_USERNAME o INSTAGRAM_PASS en .env
2025-07-21 11:54:36: ❌ Faltan IG_USERNAME o INSTAGRAM_PASS en .env
2025-07-21 11:54:37: ❌ Faltan IG_USERNAME o INSTAGRAM_PASS en .env
2025-07-21 11:54:37: ❌ Faltan IG_USERNAME o INSTAGRAM_PASS en .env
2025-07-21 11:54:38: ❌ Faltan IG_USERNAME o INSTAGRAM_PASS en .env
2025-07-21 11:54:38: ❌ Faltan IG_USERNAME o INSTAGRAM_PASS en .env
2025-07-21 11:54:39: ❌ Faltan IG_USERNAME o INSTAGRAM_PASS en .env
2025-07-21 11:54:39: ❌ Faltan IG_USERNAME o INSTAGRAM_PASS en .env
2025-07-21 11:54:40: ❌ Faltan IG_USERNAME o INSTAGRAM_PASS en .env
2025-07-21 11:54:40: ❌ Faltan IG_USERNAME o INSTAGRAM_PASS en .env
2025-07-21 11:54:41: ❌ Faltan IG_USERNAME o INSTAGRAM_PASS en .env
2025-07-21 11:54:42: ❌ Faltan IG_USERNAME o INSTAGRAM_PASS en .env
2025-07-21 11:54:42: ❌ Faltan IG_USERNAME o INSTAGRAM_PASS en .env
2025-07-21 11:54:43: ❌ Faltan IG_USERNAME o INSTAGRAM_PASS en .env
2025-07-21 11:54:43: ❌ Faltan IG_USERNAME o INSTAGRAM_PASS en .env
2025-07-21 11:54:44: ❌ Faltan IG_USERNAME o INSTAGRAM_PASS en .env
2025-07-21 11:54:44: ❌ Faltan IG_USERNAME o INSTAGRAM_PASS en .env
2025-07-21 11:54:45: ❌ Faltan IG_USERNAME o INSTAGRAM_PASS en .env
2025-07-21 11:54:45: ❌ Faltan IG_USERNAME o INSTAGRAM_PASS en .env
2025-07-21 11:54:46: ❌ Faltan IG_USERNAME o INSTAGRAM_PASS en .env
2025-07-21 11:54:46: ❌ Faltan IG_USERNAME o INSTAGRAM_PASS en .env
2025-07-21 11:54:46: 
2025-07-21 11:54:47: ❌ Faltan IG_USERNAME o INSTAGRAM_PASS en .env
2025-07-21 11:54:48: ❌ Faltan IG_USERNAME o INSTAGRAM_PASS en .env
2025-07-21 11:54:48: ❌ Faltan IG_USERNAME o INSTAGRAM_PASS en .env
2025-07-21 11:54:49: ❌ Faltan IG_USERNAME o INSTAGRAM_PASS en .env
2025-07-21 11:54:49: ❌ Faltan IG_USERNAME o INSTAGRAM_PASS en .env
2025-07-21 11:54:50: ❌ Faltan IG_USERNAME o INSTAGRAM_PASS en .env
2025-07-21 11:54:50: ❌ Faltan IG_USERNAME o INSTAGRAM_PASS en .env
2025-07-21 11:54:51: ❌ Faltan IG_USERNAME o INSTAGRAM_PASS en .env
2025-07-21 11:54:51: ❌ Faltan IG_USERNAME o INSTAGRAM_PASS en .env
2025-07-21 11:54:52: ❌ Faltan IG_USERNAME o INSTAGRAM_PASS en .env
2025-07-21 11:54:52: ❌ Faltan IG_USERNAME o INSTAGRAM_PASS en .env
2025-07-21 11:54:53: ❌ Faltan IG_USERNAME o INSTAGRAM_PASS en .env
2025-07-21 11:54:54: ❌ Faltan IG_USERNAME o INSTAGRAM_PASS en .env
2025-07-21 11:54:54: ❌ Faltan IG_USERNAME o INSTAGRAM_PASS en .env
2025-07-21 11:54:55: ❌ Faltan IG_USERNAME o INSTAGRAM_PASS en .env
2025-07-21 11:54:55: ❌ Faltan IG_USERNAME o INSTAGRAM_PASS en .env
2025-07-21 11:54:56: ❌ Faltan IG_USERNAME o INSTAGRAM_PASS en .env
2025-07-21 11:54:56: ❌ Faltan IG_USERNAME o INSTAGRAM_PASS en .env
2025-07-21 11:54:57: ❌ Faltan IG_USERNAME o INSTAGRAM_PASS en .env
2025-07-21 11:54:57: ❌ Faltan IG_USERNAME o INSTAGRAM_PASS en .env
2025-07-21 11:54:58: ❌ Faltan IG_USERNAME o INSTAGRAM_PASS en .env
2025-07-21 11:54:58: ❌ Faltan IG_USERNAME o INSTAGRAM_PASS en .env
2025-07-21 11:54:59: ❌ Faltan IG_USERNAME o INSTAGRAM_PASS en .env
2025-07-21 11:55:00: ❌ Faltan IG_USERNAME o INSTAGRAM_PASS en .env
2025-07-21 11:55:00: ❌ Faltan IG_USERNAME o INSTAGRAM_PASS en .env
2025-07-21 11:55:01: ❌ Faltan IG_USERNAME o INSTAGRAM_PASS en .env
2025-07-21 11:55:01: ❌ Faltan IG_USERNAME o INSTAGRAM_PASS en .env
2025-07-21 11:55:02: ❌ Faltan IG_USERNAME o INSTAGRAM_PASS en .env
2025-07-21 11:55:02: ❌ Faltan IG_USERNAME o INSTAGRAM_PASS en .env
2025-07-21 11:55:03: ❌ Faltan IG_USERNAME o INSTAGRAM_PASS en .env
2025-07-21 11:55:03: ❌ Faltan IG_USERNAME o INSTAGRAM_PASS en .env
2025-07-21 11:55:04: ❌ Faltan IG_USERNAME o INSTAGRAM_PASS en .env
2025-07-21 11:55:05: ❌ Faltan IG_USERNAME o INSTAGRAM_PASS en .env
2025-07-21 11:55:05: ❌ Faltan IG_USERNAME o INSTAGRAM_PASS en .env
2025-07-21 11:55:06: ❌ Faltan IG_USERNAME o INSTAGRAM_PASS en .env
2025-07-21 11:55:06: ❌ Faltan IG_USERNAME o INSTAGRAM_PASS en .env
2025-07-21 11:55:07: ❌ Faltan IG_USERNAME o INSTAGRAM_PASS en .env
2025-07-21 11:55:07: ❌ Faltan IG_USERNAME o INSTAGRAM_PASS en .env
2025-07-21 11:55:08: ❌ Faltan IG_USERNAME o INSTAGRAM_PASS en .env
2025-07-21 11:55:08: ❌ Faltan IG_USERNAME o INSTAGRAM_PASS en .env
2025-07-21 11:55:09: ❌ Faltan IG_USERNAME o INSTAGRAM_PASS en .env
2025-07-21 11:55:09: ❌ Faltan IG_USERNAME o INSTAGRAM_PASS en .env
2025-07-21 11:55:10: ❌ Faltan IG_USERNAME o INSTAGRAM_PASS en .env
2025-07-21 11:55:11: ❌ Faltan IG_USERNAME o INSTAGRAM_PASS en .env
2025-07-21 11:55:11: ❌ Faltan IG_USERNAME o INSTAGRAM_PASS en .env
2025-07-21 11:55:12: ❌ Faltan IG_USERNAME o INSTAGRAM_PASS en .env
2025-07-21 11:55:12: ❌ Faltan IG_USERNAME o INSTAGRAM_PASS en .env
2025-07-21 11:55:13: ❌ Faltan IG_USERNAME o INSTAGRAM_PASS en .env
2025-07-21 11:55:13: ❌ Faltan IG_USERNAME o INSTAGRAM_PASS en .env
2025-07-21 11:55:14: ❌ Faltan IG_USERNAME o INSTAGRAM_PASS en .env
2025-07-21 11:55:14: ❌ Faltan IG_USERNAME o INSTAGRAM_PASS en .env
2025-07-21 11:55:15: ❌ Faltan IG_USERNAME o INSTAGRAM_PASS en .env
2025-07-21 11:55:15: ❌ Faltan IG_USERNAME o INSTAGRAM_PASS en .env
2025-07-21 11:55:16: ❌ Faltan IG_USERNAME o INSTAGRAM_PASS en .env
2025-07-21 11:55:16: ❌ Faltan IG_USERNAME o INSTAGRAM_PASS en .env
2025-07-21 11:55:17: ❌ Faltan IG_USERNAME o INSTAGRAM_PASS en .env
2025-07-21 11:55:18: ❌ Faltan IG_USERNAME o INSTAGRAM_PASS en .env
2025-07-21 11:55:18: ❌ Faltan IG_USERNAME o INSTAGRAM_PASS en .env
2025-07-21 11:55:19: ❌ Faltan IG_USERNAME o INSTAGRAM_PASS en .env
2025-07-21 11:55:19: ❌ Faltan IG_USERNAME o INSTAGRAM_PASS en .env
2025-07-21 11:55:20: ❌ Faltan IG_USERNAME o INSTAGRAM_PASS en .env
2025-07-21 11:55:20: ❌ Faltan IG_USERNAME o INSTAGRAM_PASS en .env
2025-07-21 11:55:21: ❌ Faltan IG_USERNAME o INSTAGRAM_PASS en .env
2025-07-21 11:55:21: ❌ Faltan IG_USERNAME o INSTAGRAM_PASS en .env
2025-07-21 11:55:22: ❌ Faltan IG_USERNAME o INSTAGRAM_PASS en .env
2025-07-21 11:55:22: ❌ Faltan IG_USERNAME o INSTAGRAM_PASS en .env
2025-07-21 11:55:23: ❌ Faltan IG_USERNAME o INSTAGRAM_PASS en .env
2025-07-21 11:55:24: ❌ Faltan IG_USERNAME o INSTAGRAM_PASS en .env
2025-07-21 11:55:24: ❌ Faltan IG_USERNAME o INSTAGRAM_PASS en .env
2025-07-21 11:55:25: ❌ Faltan IG_USERNAME o INSTAGRAM_PASS en .env
2025-07-21 11:55:25: ❌ Faltan IG_USERNAME o INSTAGRAM_PASS en .env
2025-07-21 11:55:26: ❌ Faltan IG_USERNAME o INSTAGRAM_PASS en .env
2025-07-21 11:55:26: ❌ Faltan IG_USERNAME o INSTAGRAM_PASS en .env
2025-07-21 11:55:27: ❌ Faltan IG_USERNAME o INSTAGRAM_PASS en .env
2025-07-21 11:55:27: ❌ Faltan IG_USERNAME o INSTAGRAM_PASS en .env
2025-07-21 11:55:28: ❌ Faltan IG_USERNAME o INSTAGRAM_PASS en .env
2025-07-21 11:55:28: ❌ Faltan IG_USERNAME o INSTAGRAM_PASS en .env
2025-07-21 11:55:29: ❌ Faltan IG_USERNAME o INSTAGRAM_PASS en .env
2025-07-21 11:55:29: ❌ Faltan IG_USERNAME o INSTAGRAM_PASS en .env
2025-07-21 11:55:30: ❌ Faltan IG_USERNAME o INSTAGRAM_PASS en .env
2025-07-21 11:55:31: ❌ Faltan IG_USERNAME o INSTAGRAM_PASS en .env
2025-07-21 11:55:31: ❌ Faltan IG_USERNAME o INSTAGRAM_PASS en .env
2025-07-21 11:55:32: ❌ Faltan IG_USERNAME o INSTAGRAM_PASS en .env
2025-07-21 11:55:32: ❌ Faltan IG_USERNAME o INSTAGRAM_PASS en .env
2025-07-21 11:55:33: ❌ Faltan IG_USERNAME o INSTAGRAM_PASS en .env
2025-07-21 11:55:33: ❌ Faltan IG_USERNAME o INSTAGRAM_PASS en .env
2025-07-21 11:55:34: ❌ Faltan IG_USERNAME o INSTAGRAM_PASS en .env
2025-07-21 11:55:34: ❌ Faltan IG_USERNAME o INSTAGRAM_PASS en .env
2025-07-21 11:55:35: ❌ Faltan IG_USERNAME o INSTAGRAM_PASS en .env
2025-07-21 11:55:35: ❌ Faltan IG_USERNAME o INSTAGRAM_PASS en .env
2025-07-21 11:55:36: ❌ Faltan IG_USERNAME o INSTAGRAM_PASS en .env
2025-07-21 11:55:37: ❌ Faltan IG_USERNAME o INSTAGRAM_PASS en .env
2025-07-21 11:55:37: ❌ Faltan IG_USERNAME o INSTAGRAM_PASS en .env
2025-07-21 11:55:38: ❌ Faltan IG_USERNAME o INSTAGRAM_PASS en .env
2025-07-21 11:55:38: ❌ Faltan IG_USERNAME o INSTAGRAM_PASS en .env
2025-07-21 11:55:39: ❌ Faltan IG_USERNAME o INSTAGRAM_PASS en .env
2025-07-21 11:55:39: ❌ Faltan IG_USERNAME o INSTAGRAM_PASS en .env
2025-07-21 11:55:40: ❌ Faltan IG_USERNAME o INSTAGRAM_PASS en .env
2025-07-21 11:55:40: ❌ Faltan IG_USERNAME o INSTAGRAM_PASS en .env
2025-07-21 11:55:41: ❌ Faltan IG_USERNAME o INSTAGRAM_PASS en .env
2025-07-21 11:55:41: ❌ Faltan IG_USERNAME o INSTAGRAM_PASS en .env
2025-07-21 11:55:42: ❌ Faltan IG_USERNAME o INSTAGRAM_PASS en .env
2025-07-21 11:55:43: ❌ Faltan IG_USERNAME o INSTAGRAM_PASS en .env
2025-07-21 11:55:43: ❌ Faltan IG_USERNAME o INSTAGRAM_PASS en .env
2025-07-21 11:55:44: ❌ Faltan IG_USERNAME o INSTAGRAM_PASS en .env
2025-07-21 11:55:44: ❌ Faltan IG_USERNAME o INSTAGRAM_PASS en .env
2025-07-21 11:55:45: ❌ Faltan IG_USERNAME o INSTAGRAM_PASS en .env
2025-07-21 11:55:45: ❌ Faltan IG_USERNAME o INSTAGRAM_PASS en .env
2025-07-21 11:55:46: ❌ Faltan IG_USERNAME o INSTAGRAM_PASS en .env
2025-07-21 11:55:46: ❌ Faltan IG_USERNAME o INSTAGRAM_PASS en .env
2025-07-21 11:55:47: ❌ Faltan IG_USERNAME o INSTAGRAM_PASS en .env
2025-07-21 11:55:47: ❌ Faltan IG_USERNAME o INSTAGRAM_PASS en .env
2025-07-21 11:55:48: ❌ Faltan IG_USERNAME o INSTAGRAM_PASS en .env
2025-07-21 11:55:48: ❌ Faltan IG_USERNAME o INSTAGRAM_PASS en .env
2025-07-21 11:55:49: ❌ Faltan IG_USERNAME o INSTAGRAM_PASS en .env
2025-07-21 11:55:50: ❌ Faltan IG_USERNAME o INSTAGRAM_PASS en .env
2025-07-21 11:55:50: ❌ Faltan IG_USERNAME o INSTAGRAM_PASS en .env
2025-07-21 11:55:51: ❌ Faltan IG_USERNAME o INSTAGRAM_PASS en .env
2025-07-21 11:55:51: ❌ Faltan IG_USERNAME o INSTAGRAM_PASS en .env
2025-07-21 11:55:52: ❌ Faltan IG_USERNAME o INSTAGRAM_PASS en .env
2025-07-21 11:55:52: ❌ Faltan IG_USERNAME o INSTAGRAM_PASS en .env
2025-07-21 11:55:53: ❌ Faltan IG_USERNAME o INSTAGRAM_PASS en .env
2025-07-21 11:55:53: ❌ Faltan IG_USERNAME o INSTAGRAM_PASS en .env
2025-07-21 11:55:54: ❌ Faltan IG_USERNAME o INSTAGRAM_PASS en .env
2025-07-21 11:55:54: ❌ Faltan IG_USERNAME o INSTAGRAM_PASS en .env
2025-07-21 11:55:55: ❌ Faltan IG_USERNAME o INSTAGRAM_PASS en .env
2025-07-21 11:55:56: ❌ Faltan IG_USERNAME o INSTAGRAM_PASS en .env
2025-07-21 11:55:56: ❌ Faltan IG_USERNAME o INSTAGRAM_PASS en .env
2025-07-21 11:55:57: ❌ Faltan IG_USERNAME o INSTAGRAM_PASS en .env
2025-07-21 11:55:57: ❌ Faltan IG_USERNAME o INSTAGRAM_PASS en .env
2025-07-21 11:55:58: ❌ Faltan IG_USERNAME o INSTAGRAM_PASS en .env
2025-07-21 11:55:58: ❌ Faltan IG_USERNAME o INSTAGRAM_PASS en .env
2025-07-21 11:55:59: ❌ Faltan IG_USERNAME o INSTAGRAM_PASS en .env
2025-07-21 11:55:59: ❌ Faltan IG_USERNAME o INSTAGRAM_PASS en .env
2025-07-21 11:56:00: ❌ Faltan IG_USERNAME o INSTAGRAM_PASS en .env
2025-07-21 11:56:00: ❌ Faltan IG_USERNAME o INSTAGRAM_PASS en .env
2025-07-21 11:56:01: ❌ Faltan IG_USERNAME o INSTAGRAM_PASS en .env
2025-07-21 11:56:01: ❌ Faltan IG_USERNAME o INSTAGRAM_PASS en .env
2025-07-21 11:56:02: ❌ Faltan IG_USERNAME o INSTAGRAM_PASS en .env
2025-07-21 11:56:03: ❌ Faltan IG_USERNAME o INSTAGRAM_PASS en .env
2025-07-21 11:56:03: ❌ Faltan IG_USERNAME o INSTAGRAM_PASS en .env
2025-07-21 11:56:04: ❌ Faltan IG_USERNAME o INSTAGRAM_PASS en .env
2025-07-21 11:56:04: ❌ Faltan IG_USERNAME o INSTAGRAM_PASS en .env
2025-07-21 11:56:05: ❌ Faltan IG_USERNAME o INSTAGRAM_PASS en .env
2025-07-21 11:56:05: ❌ Faltan IG_USERNAME o INSTAGRAM_PASS en .env
2025-07-21 11:56:06: ❌ Faltan IG_USERNAME o INSTAGRAM_PASS en .env
2025-07-21 11:56:06: ❌ Faltan IG_USERNAME o INSTAGRAM_PASS en .env
2025-07-21 11:56:07: ❌ Faltan IG_USERNAME o INSTAGRAM_PASS en .env
2025-07-21 11:56:07: ❌ Faltan IG_USERNAME o INSTAGRAM_PASS en .env
2025-07-21 11:56:08: ❌ Faltan IG_USERNAME o INSTAGRAM_PASS en .env
2025-07-21 11:56:09: ❌ Faltan IG_USERNAME o INSTAGRAM_PASS en .env
2025-07-21 11:56:09: ❌ Faltan IG_USERNAME o INSTAGRAM_PASS en .env
2025-07-21 11:56:10: ❌ Faltan IG_USERNAME o INSTAGRAM_PASS en .env
2025-07-21 11:56:10: ❌ Faltan IG_USERNAME o INSTAGRAM_PASS en .env
2025-07-21 11:56:11: ❌ Faltan IG_USERNAME o INSTAGRAM_PASS en .env
2025-07-21 11:56:11: ❌ Faltan IG_USERNAME o INSTAGRAM_PASS en .env
2025-07-21 11:56:12: ❌ Faltan IG_USERNAME o INSTAGRAM_PASS en .env
2025-07-21 11:56:12: ❌ Faltan IG_USERNAME o INSTAGRAM_PASS en .env
2025-07-21 11:56:13: ❌ Faltan IG_USERNAME o INSTAGRAM_PASS en .env
2025-07-21 11:56:13: ❌ Faltan IG_USERNAME o INSTAGRAM_PASS en .env
2025-07-21 11:56:14: ❌ Faltan IG_USERNAME o INSTAGRAM_PASS en .env
2025-07-21 11:56:15: ❌ Faltan IG_USERNAME o INSTAGRAM_PASS en .env
2025-07-21 11:56:15: ❌ Faltan IG_USERNAME o INSTAGRAM_PASS en .env
2025-07-21 11:56:16: ❌ Faltan IG_USERNAME o INSTAGRAM_PASS en .env
2025-07-21 11:56:16: ❌ Faltan IG_USERNAME o INSTAGRAM_PASS en .env
2025-07-21 11:56:17: ❌ Faltan IG_USERNAME o INSTAGRAM_PASS en .env
2025-07-21 11:56:17: ❌ Faltan IG_USERNAME o INSTAGRAM_PASS en .env
2025-07-21 11:56:18: ❌ Faltan IG_USERNAME o INSTAGRAM_PASS en .env
2025-07-21 11:56:18: ❌ Faltan IG_USERNAME o INSTAGRAM_PASS en .env
2025-07-21 11:56:19: ❌ Faltan IG_USERNAME o INSTAGRAM_PASS en .env
2025-07-21 11:56:19: ❌ Faltan IG_USERNAME o INSTAGRAM_PASS en .env
2025-07-21 11:56:20: ❌ Faltan IG_USERNAME o INSTAGRAM_PASS en .env
2025-07-21 11:56:20: ❌ Faltan IG_USERNAME o INSTAGRAM_PASS en .env
2025-07-21 11:56:21: ❌ Faltan IG_USERNAME o INSTAGRAM_PASS en .env
2025-07-21 11:56:22: ❌ Faltan IG_USERNAME o INSTAGRAM_PASS en .env
2025-07-21 11:56:22: ❌ Faltan IG_USERNAME o INSTAGRAM_PASS en .env
2025-07-21 11:56:23: ❌ Faltan IG_USERNAME o INSTAGRAM_PASS en .env
2025-07-21 11:56:23: ❌ Faltan IG_USERNAME o INSTAGRAM_PASS en .env
2025-07-21 11:56:24: ❌ Faltan IG_USERNAME o INSTAGRAM_PASS en .env
2025-07-21 11:56:25: ❌ Faltan IG_USERNAME o INSTAGRAM_PASS en .env
2025-07-21 11:56:25: ❌ Faltan IG_USERNAME o INSTAGRAM_PASS en .env
2025-07-21 11:56:26: ❌ Faltan IG_USERNAME o INSTAGRAM_PASS en .env
2025-07-21 11:56:26: ❌ Faltan IG_USERNAME o INSTAGRAM_PASS en .env
2025-07-21 11:56:27: ❌ Faltan IG_USERNAME o INSTAGRAM_PASS en .env
2025-07-21 11:56:27: ❌ Faltan IG_USERNAME o INSTAGRAM_PASS en .env
2025-07-21 11:56:28: ❌ Faltan IG_USERNAME o INSTAGRAM_PASS en .env
2025-07-21 11:56:28: ❌ Faltan IG_USERNAME o INSTAGRAM_PASS en .env
2025-07-21 11:56:29: ❌ Faltan IG_USERNAME o INSTAGRAM_PASS en .env
2025-07-21 11:56:29: ❌ Faltan IG_USERNAME o INSTAGRAM_PASS en .env
2025-07-21 11:56:30: ❌ Faltan IG_USERNAME o INSTAGRAM_PASS en .env
2025-07-21 11:56:30: ❌ Faltan IG_USERNAME o INSTAGRAM_PASS en .env
2025-07-21 11:56:31: ❌ Faltan IG_USERNAME o INSTAGRAM_PASS en .env
2025-07-21 11:56:31: ❌ Faltan IG_USERNAME o INSTAGRAM_PASS en .env
2025-07-21 11:56:32: ❌ Faltan IG_USERNAME o INSTAGRAM_PASS en .env
2025-07-21 11:56:33: ❌ Faltan IG_USERNAME o INSTAGRAM_PASS en .env
2025-07-21 11:56:33: ❌ Faltan IG_USERNAME o INSTAGRAM_PASS en .env
2025-07-21 11:56:34: ❌ Faltan IG_USERNAME o INSTAGRAM_PASS en .env
2025-07-21 11:56:34: ❌ Faltan IG_USERNAME o INSTAGRAM_PASS en .env
2025-07-21 11:56:35: ❌ Faltan IG_USERNAME o INSTAGRAM_PASS en .env
2025-07-21 11:56:35: ❌ Faltan IG_USERNAME o INSTAGRAM_PASS en .env
2025-07-21 11:56:36: ❌ Faltan IG_USERNAME o INSTAGRAM_PASS en .env
2025-07-21 11:56:36: ❌ Faltan IG_USERNAME o INSTAGRAM_PASS en .env
2025-07-21 11:56:37: ❌ Faltan IG_USERNAME o INSTAGRAM_PASS en .env
2025-07-21 11:56:37: ❌ Faltan IG_USERNAME o INSTAGRAM_PASS en .env
2025-07-21 11:56:38: ❌ Faltan IG_USERNAME o INSTAGRAM_PASS en .env
2025-07-21 11:56:39: ❌ Faltan IG_USERNAME o INSTAGRAM_PASS en .env
2025-07-21 11:56:39: ❌ Faltan IG_USERNAME o INSTAGRAM_PASS en .env
2025-07-21 11:56:40: ❌ Faltan IG_USERNAME o INSTAGRAM_PASS en .env
2025-07-21 11:56:40: ❌ Faltan IG_USERNAME o INSTAGRAM_PASS en .env
2025-07-21 11:56:41: ❌ Faltan IG_USERNAME o INSTAGRAM_PASS en .env
2025-07-21 11:56:41: ❌ Faltan IG_USERNAME o INSTAGRAM_PASS en .env
2025-07-21 11:56:42: ❌ Faltan IG_USERNAME o INSTAGRAM_PASS en .env
2025-07-21 11:56:42: ❌ Faltan IG_USERNAME o INSTAGRAM_PASS en .env
2025-07-21 11:56:43: ❌ Faltan IG_USERNAME o INSTAGRAM_PASS en .env
2025-07-21 11:56:43: ❌ Faltan IG_USERNAME o INSTAGRAM_PASS en .env
2025-07-21 11:56:44: ❌ Faltan IG_USERNAME o INSTAGRAM_PASS en .env
2025-07-21 11:56:44: ❌ Faltan IG_USERNAME o INSTAGRAM_PASS en .env
2025-07-21 11:56:45: ❌ Faltan IG_USERNAME o INSTAGRAM_PASS en .env
2025-07-21 11:56:46: ❌ Faltan IG_USERNAME o INSTAGRAM_PASS en .env
2025-07-21 11:56:46: ❌ Faltan IG_USERNAME o INSTAGRAM_PASS en .env
2025-07-21 11:56:47: ❌ Faltan IG_USERNAME o INSTAGRAM_PASS en .env
2025-07-21 11:56:47: ❌ Faltan IG_USERNAME o INSTAGRAM_PASS en .env
2025-07-21 11:56:48: ❌ Faltan IG_USERNAME o INSTAGRAM_PASS en .env
2025-07-21 11:56:48: ❌ Faltan IG_USERNAME o INSTAGRAM_PASS en .env
2025-07-21 11:56:49: ❌ Faltan IG_USERNAME o INSTAGRAM_PASS en .env
2025-07-21 11:56:49: ❌ Faltan IG_USERNAME o INSTAGRAM_PASS en .env
2025-07-21 11:56:50: ❌ Faltan IG_USERNAME o INSTAGRAM_PASS en .env
2025-07-21 11:56:50: ❌ Faltan IG_USERNAME o INSTAGRAM_PASS en .env
2025-07-21 11:56:51: ❌ Faltan IG_USERNAME o INSTAGRAM_PASS en .env
2025-07-21 11:56:52: ❌ Faltan IG_USERNAME o INSTAGRAM_PASS en .env
2025-07-21 11:56:52: ❌ Faltan IG_USERNAME o INSTAGRAM_PASS en .env
2025-07-21 11:56:53: ❌ Faltan IG_USERNAME o INSTAGRAM_PASS en .env
2025-07-21 11:56:53: ❌ Faltan IG_USERNAME o INSTAGRAM_PASS en .env
2025-07-21 11:56:54: ❌ Faltan IG_USERNAME o INSTAGRAM_PASS en .env
2025-07-21 11:56:54: ❌ Faltan IG_USERNAME o INSTAGRAM_PASS en .env
2025-07-21 11:56:55: ❌ Faltan IG_USERNAME o INSTAGRAM_PASS en .env
2025-07-21 11:56:55: ❌ Faltan IG_USERNAME o INSTAGRAM_PASS en .env
2025-07-21 11:56:56: ❌ Faltan IG_USERNAME o INSTAGRAM_PASS en .env
2025-07-21 11:56:57: ❌ Faltan IG_USERNAME o INSTAGRAM_PASS en .env
2025-07-21 11:56:57: ❌ Faltan IG_USERNAME o INSTAGRAM_PASS en .env
2025-07-21 11:56:58: ❌ Faltan IG_USERNAME o INSTAGRAM_PASS en .env
2025-07-21 11:56:58: ❌ Faltan IG_USERNAME o INSTAGRAM_PASS en .env
2025-07-21 11:56:59: ❌ Faltan IG_USERNAME o INSTAGRAM_PASS en .env
2025-07-21 11:56:59: ❌ Faltan IG_USERNAME o INSTAGRAM_PASS en .env
2025-07-21 11:57:00: ❌ Faltan IG_USERNAME o INSTAGRAM_PASS en .env
2025-07-21 11:57:00: ❌ Faltan IG_USERNAME o INSTAGRAM_PASS en .env
2025-07-21 11:57:01: ❌ Faltan IG_USERNAME o INSTAGRAM_PASS en .env
2025-07-21 11:57:01: ❌ Faltan IG_USERNAME o INSTAGRAM_PASS en .env
2025-07-21 11:57:02: ❌ Faltan IG_USERNAME o INSTAGRAM_PASS en .env
2025-07-21 11:57:02: ❌ Faltan IG_USERNAME o INSTAGRAM_PASS en .env
2025-07-21 11:57:03: ❌ Faltan IG_USERNAME o INSTAGRAM_PASS en .env
2025-07-21 11:57:04: ❌ Faltan IG_USERNAME o INSTAGRAM_PASS en .env
2025-07-21 11:57:04: ❌ Faltan IG_USERNAME o INSTAGRAM_PASS en .env
2025-07-21 11:57:05: ❌ Faltan IG_USERNAME o INSTAGRAM_PASS en .env
2025-07-21 11:57:05: ❌ Faltan IG_USERNAME o INSTAGRAM_PASS en .env
2025-07-21 11:57:06: ❌ Faltan IG_USERNAME o INSTAGRAM_PASS en .env
2025-07-21 11:57:06: ❌ Faltan IG_USERNAME o INSTAGRAM_PASS en .env
2025-07-21 11:57:07: ❌ Faltan IG_USERNAME o INSTAGRAM_PASS en .env
2025-07-21 11:57:07: ❌ Faltan IG_USERNAME o INSTAGRAM_PASS en .env
2025-07-21 11:57:08: ❌ Faltan IG_USERNAME o INSTAGRAM_PASS en .env
2025-07-21 11:57:08: ❌ Faltan IG_USERNAME o INSTAGRAM_PASS en .env
2025-07-21 11:57:09: ❌ Faltan IG_USERNAME o INSTAGRAM_PASS en .env
2025-07-21 11:57:10: ❌ Faltan IG_USERNAME o INSTAGRAM_PASS en .env
2025-07-21 11:57:10: ❌ Faltan IG_USERNAME o INSTAGRAM_PASS en .env
2025-07-21 11:57:11: ❌ Faltan IG_USERNAME o INSTAGRAM_PASS en .env
2025-07-21 11:57:11: ❌ Faltan IG_USERNAME o INSTAGRAM_PASS en .env
2025-07-21 11:57:12: ❌ Faltan IG_USERNAME o INSTAGRAM_PASS en .env
2025-07-21 11:57:12: ❌ Faltan IG_USERNAME o INSTAGRAM_PASS en .env
2025-07-21 11:57:13: ❌ Faltan IG_USERNAME o INSTAGRAM_PASS en .env
2025-07-21 11:57:13: ❌ Faltan IG_USERNAME o INSTAGRAM_PASS en .env
2025-07-21 11:57:14: ❌ Faltan IG_USERNAME o INSTAGRAM_PASS en .env
2025-07-21 11:57:14: ❌ Faltan IG_USERNAME o INSTAGRAM_PASS en .env
2025-07-21 11:57:15: ❌ Faltan IG_USERNAME o INSTAGRAM_PASS en .env
2025-07-21 11:57:15: ❌ Faltan IG_USERNAME o INSTAGRAM_PASS en .env
2025-07-21 11:57:16: ❌ Faltan IG_USERNAME o INSTAGRAM_PASS en .env
2025-07-21 11:57:17: ❌ Faltan IG_USERNAME o INSTAGRAM_PASS en .env
2025-07-21 11:57:17: ❌ Faltan IG_USERNAME o INSTAGRAM_PASS en .env
2025-07-21 11:57:18: ❌ Faltan IG_USERNAME o INSTAGRAM_PASS en .env
2025-07-21 11:57:18: ❌ Faltan IG_USERNAME o INSTAGRAM_PASS en .env
2025-07-21 11:57:19: ❌ Faltan IG_USERNAME o INSTAGRAM_PASS en .env
2025-07-21 11:57:19: ❌ Faltan IG_USERNAME o INSTAGRAM_PASS en .env
2025-07-21 11:57:20: ❌ Faltan IG_USERNAME o INSTAGRAM_PASS en .env
2025-07-21 11:57:20: ❌ Faltan IG_USERNAME o INSTAGRAM_PASS en .env
2025-07-21 11:57:21: ❌ Faltan IG_USERNAME o INSTAGRAM_PASS en .env
2025-07-21 11:57:21: ❌ Faltan IG_USERNAME o INSTAGRAM_PASS en .env
2025-07-21 11:57:22: ❌ Faltan IG_USERNAME o INSTAGRAM_PASS en .env
2025-07-21 11:57:23: ❌ Faltan IG_USERNAME o INSTAGRAM_PASS en .env
2025-07-21 11:57:23: ❌ Faltan IG_USERNAME o INSTAGRAM_PASS en .env
2025-07-21 11:57:24: ❌ Faltan IG_USERNAME o INSTAGRAM_PASS en .env
2025-07-21 11:57:24: ❌ Faltan IG_USERNAME o INSTAGRAM_PASS en .env
2025-07-21 11:57:25: ❌ Faltan IG_USERNAME o INSTAGRAM_PASS en .env
2025-07-21 11:57:25: ❌ Faltan IG_USERNAME o INSTAGRAM_PASS en .env
2025-07-21 11:57:26: ❌ Faltan IG_USERNAME o INSTAGRAM_PASS en .env
2025-07-21 11:57:26: ❌ Faltan IG_USERNAME o INSTAGRAM_PASS en .env
2025-07-21 11:57:27: ❌ Faltan IG_USERNAME o INSTAGRAM_PASS en .env
2025-07-21 11:57:27: ❌ Faltan IG_USERNAME o INSTAGRAM_PASS en .env
2025-07-21 11:57:28: ❌ Faltan IG_USERNAME o INSTAGRAM_PASS en .env
2025-07-21 11:57:29: ❌ Faltan IG_USERNAME o INSTAGRAM_PASS en .env
2025-07-21 11:57:29: ❌ Faltan IG_USERNAME o INSTAGRAM_PASS en .env
2025-07-21 11:57:30: ❌ Faltan IG_USERNAME o INSTAGRAM_PASS en .env
2025-07-21 11:57:30: ❌ Faltan IG_USERNAME o INSTAGRAM_PASS en .env
2025-07-21 11:57:31: ❌ Faltan IG_USERNAME o INSTAGRAM_PASS en .env
2025-07-21 11:57:31: ❌ Faltan IG_USERNAME o INSTAGRAM_PASS en .env
2025-07-21 11:57:32: ❌ Faltan IG_USERNAME o INSTAGRAM_PASS en .env
2025-07-21 11:57:32: ❌ Faltan IG_USERNAME o INSTAGRAM_PASS en .env
2025-07-21 11:57:33: ❌ Faltan IG_USERNAME o INSTAGRAM_PASS en .env
2025-07-21 11:57:33: ❌ Faltan IG_USERNAME o INSTAGRAM_PASS en .env
2025-07-21 11:57:34: ❌ Faltan IG_USERNAME o INSTAGRAM_PASS en .env
2025-07-21 11:57:34: ❌ Faltan IG_USERNAME o INSTAGRAM_PASS en .env
2025-07-21 11:57:35: ❌ Faltan IG_USERNAME o INSTAGRAM_PASS en .env
2025-07-21 11:57:36: ❌ Faltan IG_USERNAME o INSTAGRAM_PASS en .env
2025-07-21 11:57:36: ❌ Faltan IG_USERNAME o INSTAGRAM_PASS en .env
2025-07-21 11:57:37: ❌ Faltan IG_USERNAME o INSTAGRAM_PASS en .env
2025-07-21 11:57:37: ❌ Faltan IG_USERNAME o INSTAGRAM_PASS en .env
2025-07-21 11:57:38: ❌ Faltan IG_USERNAME o INSTAGRAM_PASS en .env
2025-07-21 11:57:38: ❌ Faltan IG_USERNAME o INSTAGRAM_PASS en .env
2025-07-21 11:57:39: ❌ Faltan IG_USERNAME o INSTAGRAM_PASS en .env
2025-07-21 11:57:39: ❌ Faltan IG_USERNAME o INSTAGRAM_PASS en .env
2025-07-21 11:57:40: ❌ Faltan IG_USERNAME o INSTAGRAM_PASS en .env
2025-07-21 11:57:40: ❌ Faltan IG_USERNAME o INSTAGRAM_PASS en .env
2025-07-21 11:57:41: ❌ Faltan IG_USERNAME o INSTAGRAM_PASS en .env
2025-07-21 11:57:41: ❌ Faltan IG_USERNAME o INSTAGRAM_PASS en .env
2025-07-21 11:57:42: ❌ Faltan IG_USERNAME o INSTAGRAM_PASS en .env
2025-07-21 11:57:43: ❌ Faltan IG_USERNAME o INSTAGRAM_PASS en .env
2025-07-21 11:57:43: ❌ Faltan IG_USERNAME o INSTAGRAM_PASS en .env
2025-07-21 11:57:44: ❌ Faltan IG_USERNAME o INSTAGRAM_PASS en .env
2025-07-21 11:57:44: ❌ Faltan IG_USERNAME o INSTAGRAM_PASS en .env
2025-07-21 11:57:45: ❌ Faltan IG_USERNAME o INSTAGRAM_PASS en .env
2025-07-21 11:57:45: ❌ Faltan IG_USERNAME o INSTAGRAM_PASS en .env
2025-07-21 11:57:46: ❌ Faltan IG_USERNAME o INSTAGRAM_PASS en .env
2025-07-21 11:57:46: ❌ Faltan IG_USERNAME o INSTAGRAM_PASS en .env
2025-07-21 11:57:47: ❌ Faltan IG_USERNAME o INSTAGRAM_PASS en .env
2025-07-21 11:57:47: ❌ Faltan IG_USERNAME o INSTAGRAM_PASS en .env
2025-07-21 11:57:48: ❌ Faltan IG_USERNAME o INSTAGRAM_PASS en .env
2025-07-21 11:57:48: ❌ Faltan IG_USERNAME o INSTAGRAM_PASS en .env
2025-07-21 11:57:49: ❌ Faltan IG_USERNAME o INSTAGRAM_PASS en .env
2025-07-21 11:57:50: ❌ Faltan IG_USERNAME o INSTAGRAM_PASS en .env
2025-07-21 11:57:50: ❌ Faltan IG_USERNAME o INSTAGRAM_PASS en .env
2025-07-21 11:57:51: ❌ Faltan IG_USERNAME o INSTAGRAM_PASS en .env
2025-07-21 11:57:51: ❌ Faltan IG_USERNAME o INSTAGRAM_PASS en .env
2025-07-21 11:57:52: ❌ Faltan IG_USERNAME o INSTAGRAM_PASS en .env
2025-07-21 11:57:52: ❌ Faltan IG_USERNAME o INSTAGRAM_PASS en .env
2025-07-21 11:57:53: ❌ Faltan IG_USERNAME o INSTAGRAM_PASS en .env
2025-07-21 11:57:53: ❌ Faltan IG_USERNAME o INSTAGRAM_PASS en .env
2025-07-21 11:57:54: ❌ Faltan IG_USERNAME o INSTAGRAM_PASS en .env
2025-07-21 11:57:54: ❌ Faltan IG_USERNAME o INSTAGRAM_PASS en .env
2025-07-21 11:57:55: ❌ Faltan IG_USERNAME o INSTAGRAM_PASS en .env
2025-07-21 11:57:55: ❌ Faltan IG_USERNAME o INSTAGRAM_PASS en .env
2025-07-21 11:57:56: ❌ Faltan IG_USERNAME o INSTAGRAM_PASS en .env
2025-07-21 11:57:57: ❌ Faltan IG_USERNAME o INSTAGRAM_PASS en .env
2025-07-21 11:57:57: ❌ Faltan IG_USERNAME o INSTAGRAM_PASS en .env
2025-07-21 11:57:58: ❌ Faltan IG_USERNAME o INSTAGRAM_PASS en .env
2025-07-21 11:57:58: ❌ Faltan IG_USERNAME o INSTAGRAM_PASS en .env
2025-07-21 11:57:59: ❌ Faltan IG_USERNAME o INSTAGRAM_PASS en .env
2025-07-21 11:57:59: ❌ Faltan IG_USERNAME o INSTAGRAM_PASS en .env
2025-07-21 11:58:00: ❌ Faltan IG_USERNAME o INSTAGRAM_PASS en .env
2025-07-21 11:58:00: ❌ Faltan IG_USERNAME o INSTAGRAM_PASS en .env
2025-07-21 11:58:01: ❌ Faltan IG_USERNAME o INSTAGRAM_PASS en .env
2025-07-21 11:58:01: ❌ Faltan IG_USERNAME o INSTAGRAM_PASS en .env
2025-07-21 11:58:02: ❌ Faltan IG_USERNAME o INSTAGRAM_PASS en .env
2025-07-21 11:58:03: ❌ Faltan IG_USERNAME o INSTAGRAM_PASS en .env
2025-07-21 11:58:03: ❌ Faltan IG_USERNAME o INSTAGRAM_PASS en .env
2025-07-21 11:58:04: ❌ Faltan IG_USERNAME o INSTAGRAM_PASS en .env
2025-07-21 11:58:04: ❌ Faltan IG_USERNAME o INSTAGRAM_PASS en .env
2025-07-21 11:58:05: ❌ Faltan IG_USERNAME o INSTAGRAM_PASS en .env
2025-07-21 11:58:05: ❌ Faltan IG_USERNAME o INSTAGRAM_PASS en .env
2025-07-21 11:58:06: ❌ Faltan IG_USERNAME o INSTAGRAM_PASS en .env
2025-07-21 11:58:06: ❌ Faltan IG_USERNAME o INSTAGRAM_PASS en .env
2025-07-21 11:58:07: ❌ Faltan IG_USERNAME o INSTAGRAM_PASS en .env
2025-07-21 11:58:07: ❌ Faltan IG_USERNAME o INSTAGRAM_PASS en .env
2025-07-21 11:58:08: ❌ Faltan IG_USERNAME o INSTAGRAM_PASS en .env
2025-07-21 11:58:09: ❌ Faltan IG_USERNAME o INSTAGRAM_PASS en .env
2025-07-21 11:58:09: ❌ Faltan IG_USERNAME o INSTAGRAM_PASS en .env
2025-07-21 11:58:10: ❌ Faltan IG_USERNAME o INSTAGRAM_PASS en .env
2025-07-21 11:58:10: ❌ Faltan IG_USERNAME o INSTAGRAM_PASS en .env
2025-07-21 11:58:11: ❌ Faltan IG_USERNAME o INSTAGRAM_PASS en .env
2025-07-21 11:58:11: ❌ Faltan IG_USERNAME o INSTAGRAM_PASS en .env
2025-07-21 11:58:12: ❌ Faltan IG_USERNAME o INSTAGRAM_PASS en .env
2025-07-21 11:58:12: ❌ Faltan IG_USERNAME o INSTAGRAM_PASS en .env
2025-07-21 11:58:13: ❌ Faltan IG_USERNAME o INSTAGRAM_PASS en .env
2025-07-21 11:58:14: ❌ Faltan IG_USERNAME o INSTAGRAM_PASS en .env
2025-07-21 11:58:14: ❌ Faltan IG_USERNAME o INSTAGRAM_PASS en .env
2025-07-21 11:58:15: ❌ Faltan IG_USERNAME o INSTAGRAM_PASS en .env
2025-07-21 11:58:15: ❌ Faltan IG_USERNAME o INSTAGRAM_PASS en .env
2025-07-21 11:58:16: ❌ Faltan IG_USERNAME o INSTAGRAM_PASS en .env
2025-07-21 11:58:16: ❌ Faltan IG_USERNAME o INSTAGRAM_PASS en .env
2025-07-21 11:58:17: ❌ Faltan IG_USERNAME o INSTAGRAM_PASS en .env
2025-07-21 11:58:17: ❌ Faltan IG_USERNAME o INSTAGRAM_PASS en .env
2025-07-21 11:58:18: ❌ Faltan IG_USERNAME o INSTAGRAM_PASS en .env
2025-07-21 11:58:18: ❌ Faltan IG_USERNAME o INSTAGRAM_PASS en .env
2025-07-21 11:58:19: ❌ Faltan IG_USERNAME o INSTAGRAM_PASS en .env
2025-07-21 11:58:20: ❌ Faltan IG_USERNAME o INSTAGRAM_PASS en .env
2025-07-21 11:58:20: ❌ Faltan IG_USERNAME o INSTAGRAM_PASS en .env
2025-07-21 11:58:21: ❌ Faltan IG_USERNAME o INSTAGRAM_PASS en .env
2025-07-21 11:58:21: ❌ Faltan IG_USERNAME o INSTAGRAM_PASS en .env
2025-07-21 11:58:22: ❌ Faltan IG_USERNAME o INSTAGRAM_PASS en .env
2025-07-21 11:58:22: ❌ Faltan IG_USERNAME o INSTAGRAM_PASS en .env
2025-07-21 11:58:23: ❌ Faltan IG_USERNAME o INSTAGRAM_PASS en .env
2025-07-21 11:58:23: ❌ Faltan IG_USERNAME o INSTAGRAM_PASS en .env
2025-07-21 11:58:24: ❌ Faltan IG_USERNAME o INSTAGRAM_PASS en .env
2025-07-21 11:58:24: ❌ Faltan IG_USERNAME o INSTAGRAM_PASS en .env
2025-07-21 11:58:25: ❌ Faltan IG_USERNAME o INSTAGRAM_PASS en .env
2025-07-21 11:58:26: ❌ Faltan IG_USERNAME o INSTAGRAM_PASS en .env
2025-07-21 11:58:26: ❌ Faltan IG_USERNAME o INSTAGRAM_PASS en .env
2025-07-21 11:58:27: ❌ Faltan IG_USERNAME o INSTAGRAM_PASS en .env
2025-07-21 11:58:27: ❌ Faltan IG_USERNAME o INSTAGRAM_PASS en .env
2025-07-21 11:58:28: ❌ Faltan IG_USERNAME o INSTAGRAM_PASS en .env
2025-07-21 11:58:28: ❌ Faltan IG_USERNAME o INSTAGRAM_PASS en .env
2025-07-21 11:58:29: ❌ Faltan IG_USERNAME o INSTAGRAM_PASS en .env
2025-07-21 11:58:29: ❌ Faltan IG_USERNAME o INSTAGRAM_PASS en .env
2025-07-21 11:58:30: ❌ Faltan IG_USERNAME o INSTAGRAM_PASS en .env
2025-07-21 11:58:30: ❌ Faltan IG_USERNAME o INSTAGRAM_PASS en .env
2025-07-21 11:58:31: ❌ Faltan IG_USERNAME o INSTAGRAM_PASS en .env
2025-07-21 11:58:31: ❌ Faltan IG_USERNAME o INSTAGRAM_PASS en .env
2025-07-21 11:58:32: ❌ Faltan IG_USERNAME o INSTAGRAM_PASS en .env
2025-07-21 11:58:33: ❌ Faltan IG_USERNAME o INSTAGRAM_PASS en .env
2025-07-21 11:58:33: ❌ Faltan IG_USERNAME o INSTAGRAM_PASS en .env
2025-07-21 11:58:34: ❌ Faltan IG_USERNAME o INSTAGRAM_PASS en .env
2025-07-21 11:58:34: ❌ Faltan IG_USERNAME o INSTAGRAM_PASS en .env
2025-07-21 11:58:35: ❌ Faltan IG_USERNAME o INSTAGRAM_PASS en .env
2025-07-21 11:58:35: ❌ Faltan IG_USERNAME o INSTAGRAM_PASS en .env
2025-07-21 11:58:36: ❌ Faltan IG_USERNAME o INSTAGRAM_PASS en .env
2025-07-21 11:58:36: ❌ Faltan IG_USERNAME o INSTAGRAM_PASS en .env
2025-07-21 11:58:37: ❌ Faltan IG_USERNAME o INSTAGRAM_PASS en .env
2025-07-21 11:58:38: ❌ Faltan IG_USERNAME o INSTAGRAM_PASS en .env
2025-07-21 11:58:38: ❌ Faltan IG_USERNAME o INSTAGRAM_PASS en .env
2025-07-21 11:58:39: ❌ Faltan IG_USERNAME o INSTAGRAM_PASS en .env
2025-07-21 11:58:39: ❌ Faltan IG_USERNAME o INSTAGRAM_PASS en .env
2025-07-21 11:58:40: ❌ Faltan IG_USERNAME o INSTAGRAM_PASS en .env
2025-07-21 11:58:40: ❌ Faltan IG_USERNAME o INSTAGRAM_PASS en .env
2025-07-21 11:58:41: ❌ Faltan IG_USERNAME o INSTAGRAM_PASS en .env
2025-07-21 11:58:41: ❌ Faltan IG_USERNAME o INSTAGRAM_PASS en .env
2025-07-21 11:58:42: ❌ Faltan IG_USERNAME o INSTAGRAM_PASS en .env
2025-07-21 11:58:42: ❌ Faltan IG_USERNAME o INSTAGRAM_PASS en .env
2025-07-21 11:58:43: ❌ Faltan IG_USERNAME o INSTAGRAM_PASS en .env
2025-07-21 11:58:44: ❌ Faltan IG_USERNAME o INSTAGRAM_PASS en .env
2025-07-21 11:58:44: ❌ Faltan IG_USERNAME o INSTAGRAM_PASS en .env
2025-07-21 11:58:45: ❌ Faltan IG_USERNAME o INSTAGRAM_PASS en .env
2025-07-21 11:58:45: ❌ Faltan IG_USERNAME o INSTAGRAM_PASS en .env
2025-07-21 11:58:46: ❌ Faltan IG_USERNAME o INSTAGRAM_PASS en .env
2025-07-21 11:58:46: ❌ Faltan IG_USERNAME o INSTAGRAM_PASS en .env
2025-07-21 11:58:47: ❌ Faltan IG_USERNAME o INSTAGRAM_PASS en .env
2025-07-21 11:58:47: ❌ Faltan IG_USERNAME o INSTAGRAM_PASS en .env
2025-07-21 11:58:48: ❌ Faltan IG_USERNAME o INSTAGRAM_PASS en .env
2025-07-21 11:58:48: ❌ Faltan IG_USERNAME o INSTAGRAM_PASS en .env
2025-07-21 11:58:49: ❌ Faltan IG_USERNAME o INSTAGRAM_PASS en .env
2025-07-21 11:58:49: ❌ Faltan IG_USERNAME o INSTAGRAM_PASS en .env
2025-07-21 11:58:50: ❌ Faltan IG_USERNAME o INSTAGRAM_PASS en .env
2025-07-21 11:58:50: ❌ Faltan IG_USERNAME o INSTAGRAM_PASS en .env
2025-07-21 11:58:51: ❌ Faltan IG_USERNAME o INSTAGRAM_PASS en .env
2025-07-21 11:58:52: ❌ Faltan IG_USERNAME o INSTAGRAM_PASS en .env
2025-07-21 11:58:52: ❌ Faltan IG_USERNAME o INSTAGRAM_PASS en .env
2025-07-21 11:58:53: ❌ Faltan IG_USERNAME o INSTAGRAM_PASS en .env
2025-07-21 11:58:53: ❌ Faltan IG_USERNAME o INSTAGRAM_PASS en .env
2025-07-21 11:58:54: ❌ Faltan IG_USERNAME o INSTAGRAM_PASS en .env
2025-07-21 11:58:54: ❌ Faltan IG_USERNAME o INSTAGRAM_PASS en .env
2025-07-21 11:58:55: ❌ Faltan IG_USERNAME o INSTAGRAM_PASS en .env
2025-07-21 11:58:55: ❌ Faltan IG_USERNAME o INSTAGRAM_PASS en .env
2025-07-21 11:58:56: ❌ Faltan IG_USERNAME o INSTAGRAM_PASS en .env
2025-07-21 11:58:56: ❌ Faltan IG_USERNAME o INSTAGRAM_PASS en .env
2025-07-21 11:58:57: ❌ Faltan IG_USERNAME o INSTAGRAM_PASS en .env
2025-07-21 11:58:58: ❌ Faltan IG_USERNAME o INSTAGRAM_PASS en .env
2025-07-21 11:58:58: ❌ Faltan IG_USERNAME o INSTAGRAM_PASS en .env
2025-07-21 11:58:59: ❌ Faltan IG_USERNAME o INSTAGRAM_PASS en .env
2025-07-21 11:58:59: ❌ Faltan IG_USERNAME o INSTAGRAM_PASS en .env
2025-07-21 11:59:00: ❌ Faltan IG_USERNAME o INSTAGRAM_PASS en .env
2025-07-21 11:59:00: ❌ Faltan IG_USERNAME o INSTAGRAM_PASS en .env
2025-07-21 11:59:01: ❌ Faltan IG_USERNAME o INSTAGRAM_PASS en .env
2025-07-21 11:59:01: ❌ Faltan IG_USERNAME o INSTAGRAM_PASS en .env
2025-07-21 11:59:02: ❌ Faltan IG_USERNAME o INSTAGRAM_PASS en .env
2025-07-21 11:59:02: ❌ Faltan IG_USERNAME o INSTAGRAM_PASS en .env
2025-07-21 11:59:03: ❌ Faltan IG_USERNAME o INSTAGRAM_PASS en .env
2025-07-21 11:59:03: ❌ Faltan IG_USERNAME o INSTAGRAM_PASS en .env
2025-07-21 11:59:04: ❌ Faltan IG_USERNAME o INSTAGRAM_PASS en .env
2025-07-21 11:59:05: ❌ Faltan IG_USERNAME o INSTAGRAM_PASS en .env
2025-07-21 11:59:05: ❌ Faltan IG_USERNAME o INSTAGRAM_PASS en .env
2025-07-21 11:59:06: ❌ Faltan IG_USERNAME o INSTAGRAM_PASS en .env
2025-07-21 11:59:06: ❌ Faltan IG_USERNAME o INSTAGRAM_PASS en .env
2025-07-21 11:59:07: ❌ Faltan IG_USERNAME o INSTAGRAM_PASS en .env
2025-07-21 11:59:07: ❌ Faltan IG_USERNAME o INSTAGRAM_PASS en .env
2025-07-21 11:59:08: ❌ Faltan IG_USERNAME o INSTAGRAM_PASS en .env
2025-07-21 11:59:08: ❌ Faltan IG_USERNAME o INSTAGRAM_PASS en .env
2025-07-21 11:59:09: ❌ Faltan IG_USERNAME o INSTAGRAM_PASS en .env
2025-07-21 11:59:09: ❌ Faltan IG_USERNAME o INSTAGRAM_PASS en .env
2025-07-21 11:59:10: ❌ Faltan IG_USERNAME o INSTAGRAM_PASS en .env
2025-07-21 11:59:11: ❌ Faltan IG_USERNAME o INSTAGRAM_PASS en .env
2025-07-21 11:59:11: ❌ Faltan IG_USERNAME o INSTAGRAM_PASS en .env
2025-07-21 11:59:12: ❌ Faltan IG_USERNAME o INSTAGRAM_PASS en .env
2025-07-21 11:59:12: ❌ Faltan IG_USERNAME o INSTAGRAM_PASS en .env
2025-07-21 11:59:13: ❌ Faltan IG_USERNAME o INSTAGRAM_PASS en .env
2025-07-21 11:59:13: ❌ Faltan IG_USERNAME o INSTAGRAM_PASS en .env
2025-07-21 11:59:14: ❌ Faltan IG_USERNAME o INSTAGRAM_PASS en .env
2025-07-21 11:59:14: ❌ Faltan IG_USERNAME o INSTAGRAM_PASS en .env
2025-07-21 11:59:15: ❌ Faltan IG_USERNAME o INSTAGRAM_PASS en .env
2025-07-21 11:59:16: ❌ Faltan IG_USERNAME o INSTAGRAM_PASS en .env
2025-07-21 11:59:16: 
2025-07-21 11:59:16: ❌ Faltan IG_USERNAME o INSTAGRAM_PASS en .env
2025-07-21 11:59:17: ❌ Faltan IG_USERNAME o INSTAGRAM_PASS en .env
2025-07-21 11:59:17: ❌ Faltan IG_USERNAME o INSTAGRAM_PASS en .env
2025-07-21 11:59:18: ❌ Faltan IG_USERNAME o INSTAGRAM_PASS en .env
2025-07-21 11:59:18: ❌ Faltan IG_USERNAME o INSTAGRAM_PASS en .env
2025-07-21 11:59:19: ❌ Faltan IG_USERNAME o INSTAGRAM_PASS en .env
2025-07-21 11:59:19: ❌ Faltan IG_USERNAME o INSTAGRAM_PASS en .env
2025-07-21 11:59:20: ❌ Faltan IG_USERNAME o INSTAGRAM_PASS en .env
2025-07-21 11:59:20: ❌ Faltan IG_USERNAME o INSTAGRAM_PASS en .env
2025-07-21 11:59:21: ❌ Faltan IG_USERNAME o INSTAGRAM_PASS en .env
2025-07-21 11:59:21: ❌ Faltan IG_USERNAME o INSTAGRAM_PASS en .env
2025-07-21 11:59:22: ❌ Faltan IG_USERNAME o INSTAGRAM_PASS en .env
2025-07-21 11:59:22: ❌ Faltan IG_USERNAME o INSTAGRAM_PASS en .env
2025-07-21 11:59:23: ❌ Faltan IG_USERNAME o INSTAGRAM_PASS en .env
2025-07-21 11:59:24: ❌ Faltan IG_USERNAME o INSTAGRAM_PASS en .env
2025-07-21 11:59:24: ❌ Faltan IG_USERNAME o INSTAGRAM_PASS en .env
2025-07-21 11:59:25: ❌ Faltan IG_USERNAME o INSTAGRAM_PASS en .env
2025-07-21 11:59:25: ❌ Faltan IG_USERNAME o INSTAGRAM_PASS en .env
2025-07-21 11:59:26: ❌ Faltan IG_USERNAME o INSTAGRAM_PASS en .env
2025-07-21 11:59:26: ❌ Faltan IG_USERNAME o INSTAGRAM_PASS en .env
2025-07-21 11:59:26: 
2025-07-21 11:59:27: ❌ Faltan IG_USERNAME o INSTAGRAM_PASS en .env
2025-07-21 11:59:27: ❌ Faltan IG_USERNAME o INSTAGRAM_PASS en .env
2025-07-21 11:59:28: ❌ Faltan IG_USERNAME o INSTAGRAM_PASS en .env
2025-07-21 11:59:28: ❌ Faltan IG_USERNAME o INSTAGRAM_PASS en .env
2025-07-21 11:59:29: ❌ Faltan IG_USERNAME o INSTAGRAM_PASS en .env
2025-07-21 11:59:30: ❌ Faltan IG_USERNAME o INSTAGRAM_PASS en .env
2025-07-21 11:59:30: ❌ Faltan IG_USERNAME o INSTAGRAM_PASS en .env
2025-07-21 11:59:31: ❌ Faltan IG_USERNAME o INSTAGRAM_PASS en .env
2025-07-21 11:59:31: ❌ Faltan IG_USERNAME o INSTAGRAM_PASS en .env
2025-07-21 11:59:32: ❌ Faltan IG_USERNAME o INSTAGRAM_PASS en .env
2025-07-21 11:59:32: ❌ Faltan IG_USERNAME o INSTAGRAM_PASS en .env
2025-07-21 11:59:33: ❌ Faltan IG_USERNAME o INSTAGRAM_PASS en .env
2025-07-21 11:59:33: ❌ Faltan IG_USERNAME o INSTAGRAM_PASS en .env
2025-07-21 11:59:34: ❌ Faltan IG_USERNAME o INSTAGRAM_PASS en .env
2025-07-21 11:59:34: ❌ Faltan IG_USERNAME o INSTAGRAM_PASS en .env
2025-07-21 11:59:35: ❌ Faltan IG_USERNAME o INSTAGRAM_PASS en .env
2025-07-21 11:59:35: ❌ Faltan IG_USERNAME o INSTAGRAM_PASS en .env
2025-07-21 11:59:36: ❌ Faltan IG_USERNAME o INSTAGRAM_PASS en .env
2025-07-21 11:59:37: ❌ Faltan IG_USERNAME o INSTAGRAM_PASS en .env
2025-07-21 11:59:37: ❌ Faltan IG_USERNAME o INSTAGRAM_PASS en .env
2025-07-21 11:59:38: ❌ Faltan IG_USERNAME o INSTAGRAM_PASS en .env
2025-07-21 11:59:38: ❌ Faltan IG_USERNAME o INSTAGRAM_PASS en .env
2025-07-21 11:59:39: ❌ Faltan IG_USERNAME o INSTAGRAM_PASS en .env
2025-07-21 11:59:39: ❌ Faltan IG_USERNAME o INSTAGRAM_PASS en .env
2025-07-21 11:59:40: ❌ Faltan IG_USERNAME o INSTAGRAM_PASS en .env
2025-07-21 11:59:40: ❌ Faltan IG_USERNAME o INSTAGRAM_PASS en .env
2025-07-21 11:59:41: ❌ Faltan IG_USERNAME o INSTAGRAM_PASS en .env
2025-07-21 11:59:41: ❌ Faltan IG_USERNAME o INSTAGRAM_PASS en .env
2025-07-21 11:59:42: ❌ Faltan IG_USERNAME o INSTAGRAM_PASS en .env
2025-07-21 11:59:43: ❌ Faltan IG_USERNAME o INSTAGRAM_PASS en .env
2025-07-21 11:59:43: ❌ Faltan IG_USERNAME o INSTAGRAM_PASS en .env
2025-07-21 11:59:44: ❌ Faltan IG_USERNAME o INSTAGRAM_PASS en .env
2025-07-21 11:59:44: ❌ Faltan IG_USERNAME o INSTAGRAM_PASS en .env
2025-07-21 11:59:45: ❌ Faltan IG_USERNAME o INSTAGRAM_PASS en .env
2025-07-21 11:59:45: ❌ Faltan IG_USERNAME o INSTAGRAM_PASS en .env
2025-07-21 11:59:46: ❌ Faltan IG_USERNAME o INSTAGRAM_PASS en .env
2025-07-21 11:59:46: ❌ Faltan IG_USERNAME o INSTAGRAM_PASS en .env
2025-07-21 11:59:47: ❌ Faltan IG_USERNAME o INSTAGRAM_PASS en .env
2025-07-21 11:59:47: ❌ Faltan IG_USERNAME o INSTAGRAM_PASS en .env
2025-07-21 11:59:48: ❌ Faltan IG_USERNAME o INSTAGRAM_PASS en .env
2025-07-21 11:59:49: ❌ Faltan IG_USERNAME o INSTAGRAM_PASS en .env
2025-07-21 11:59:49: ❌ Faltan IG_USERNAME o INSTAGRAM_PASS en .env
2025-07-21 11:59:50: ❌ Faltan IG_USERNAME o INSTAGRAM_PASS en .env
2025-07-21 11:59:50: ❌ Faltan IG_USERNAME o INSTAGRAM_PASS en .env
2025-07-21 11:59:51: ❌ Faltan IG_USERNAME o INSTAGRAM_PASS en .env
2025-07-21 11:59:51: ❌ Faltan IG_USERNAME o INSTAGRAM_PASS en .env
2025-07-21 11:59:52: ❌ Faltan IG_USERNAME o INSTAGRAM_PASS en .env
2025-07-21 11:59:52: ❌ Faltan IG_USERNAME o INSTAGRAM_PASS en .env
2025-07-21 11:59:53: ❌ Faltan IG_USERNAME o INSTAGRAM_PASS en .env
2025-07-21 11:59:53: ❌ Faltan IG_USERNAME o INSTAGRAM_PASS en .env
2025-07-21 11:59:54: ❌ Faltan IG_USERNAME o INSTAGRAM_PASS en .env
2025-07-21 11:59:54: ❌ Faltan IG_USERNAME o INSTAGRAM_PASS en .env
2025-07-21 11:59:55: ❌ Faltan IG_USERNAME o INSTAGRAM_PASS en .env
2025-07-21 11:59:55: ❌ Faltan IG_USERNAME o INSTAGRAM_PASS en .env
2025-07-21 11:59:56: ❌ Faltan IG_USERNAME o INSTAGRAM_PASS en .env
2025-07-21 11:59:57: ❌ Faltan IG_USERNAME o INSTAGRAM_PASS en .env
2025-07-21 11:59:57: ❌ Faltan IG_USERNAME o INSTAGRAM_PASS en .env
2025-07-21 11:59:58: ❌ Faltan IG_USERNAME o INSTAGRAM_PASS en .env
2025-07-21 11:59:58: ❌ Faltan IG_USERNAME o INSTAGRAM_PASS en .env
2025-07-21 11:59:59: ❌ Faltan IG_USERNAME o INSTAGRAM_PASS en .env
2025-07-21 11:59:59: ❌ Faltan IG_USERNAME o INSTAGRAM_PASS en .env
2025-07-21 12:00:00: ❌ Faltan IG_USERNAME o INSTAGRAM_PASS en .env
2025-07-21 12:00:00: ❌ Faltan IG_USERNAME o INSTAGRAM_PASS en .env
2025-07-21 12:00:01: ❌ Faltan IG_USERNAME o INSTAGRAM_PASS en .env
2025-07-21 12:00:02: ❌ Faltan IG_USERNAME o INSTAGRAM_PASS en .env
2025-07-21 12:00:02: ❌ Faltan IG_USERNAME o INSTAGRAM_PASS en .env
2025-07-21 12:00:03: ❌ Faltan IG_USERNAME o INSTAGRAM_PASS en .env
2025-07-21 12:00:03: ❌ Faltan IG_USERNAME o INSTAGRAM_PASS en .env
2025-07-21 12:00:04: ❌ Faltan IG_USERNAME o INSTAGRAM_PASS en .env
2025-07-21 12:00:04: ❌ Faltan IG_USERNAME o INSTAGRAM_PASS en .env
2025-07-21 12:00:05: ❌ Faltan IG_USERNAME o INSTAGRAM_PASS en .env
2025-07-21 12:00:05: ❌ Faltan IG_USERNAME o INSTAGRAM_PASS en .env
2025-07-21 12:00:06: ❌ Faltan IG_USERNAME o INSTAGRAM_PASS en .env
2025-07-21 12:00:07: ❌ Faltan IG_USERNAME o INSTAGRAM_PASS en .env
2025-07-21 12:00:07: ❌ Faltan IG_USERNAME o INSTAGRAM_PASS en .env
2025-07-21 12:00:08: ❌ Faltan IG_USERNAME o INSTAGRAM_PASS en .env
2025-07-21 12:00:08: ❌ Faltan IG_USERNAME o INSTAGRAM_PASS en .env
2025-07-21 12:00:09: ❌ Faltan IG_USERNAME o INSTAGRAM_PASS en .env
2025-07-21 12:00:09: ❌ Faltan IG_USERNAME o INSTAGRAM_PASS en .env
2025-07-21 12:00:10: ❌ Faltan IG_USERNAME o INSTAGRAM_PASS en .env
2025-07-21 12:00:11: ❌ Faltan IG_USERNAME o INSTAGRAM_PASS en .env
2025-07-21 12:00:11: ❌ Faltan IG_USERNAME o INSTAGRAM_PASS en .env
2025-07-21 12:00:12: ❌ Faltan IG_USERNAME o INSTAGRAM_PASS en .env
2025-07-21 12:00:12: ❌ Faltan IG_USERNAME o INSTAGRAM_PASS en .env
2025-07-21 12:00:13: ❌ Faltan IG_USERNAME o INSTAGRAM_PASS en .env
2025-07-21 12:00:13: ❌ Faltan IG_USERNAME o INSTAGRAM_PASS en .env
2025-07-21 12:00:14: ❌ Faltan IG_USERNAME o INSTAGRAM_PASS en .env
2025-07-21 12:00:14: ❌ Faltan IG_USERNAME o INSTAGRAM_PASS en .env
2025-07-21 12:00:15: ❌ Faltan IG_USERNAME o INSTAGRAM_PASS en .env
2025-07-21 12:00:15: ❌ Faltan IG_USERNAME o INSTAGRAM_PASS en .env
2025-07-21 12:00:16: ❌ Faltan IG_USERNAME o INSTAGRAM_PASS en .env
2025-07-21 12:00:17: ❌ Faltan IG_USERNAME o INSTAGRAM_PASS en .env
2025-07-21 12:00:17: ❌ Faltan IG_USERNAME o INSTAGRAM_PASS en .env
2025-07-21 12:00:18: ❌ Faltan IG_USERNAME o INSTAGRAM_PASS en .env
2025-07-21 12:00:18: ❌ Faltan IG_USERNAME o INSTAGRAM_PASS en .env
2025-07-21 12:00:19: ❌ Faltan IG_USERNAME o INSTAGRAM_PASS en .env
2025-07-21 12:00:19: ❌ Faltan IG_USERNAME o INSTAGRAM_PASS en .env
2025-07-21 12:00:20: ❌ Faltan IG_USERNAME o INSTAGRAM_PASS en .env
2025-07-21 12:00:21: ❌ Faltan IG_USERNAME o INSTAGRAM_PASS en .env
2025-07-21 12:00:21: ❌ Faltan IG_USERNAME o INSTAGRAM_PASS en .env
2025-07-21 12:00:22: ❌ Faltan IG_USERNAME o INSTAGRAM_PASS en .env
2025-07-21 12:00:22: ❌ Faltan IG_USERNAME o INSTAGRAM_PASS en .env
2025-07-21 12:00:23: ❌ Faltan IG_USERNAME o INSTAGRAM_PASS en .env
2025-07-21 12:00:23: ❌ Faltan IG_USERNAME o INSTAGRAM_PASS en .env
2025-07-21 12:00:24: ❌ Faltan IG_USERNAME o INSTAGRAM_PASS en .env
2025-07-21 12:00:24: ❌ Faltan IG_USERNAME o INSTAGRAM_PASS en .env
2025-07-21 12:00:25: ❌ Faltan IG_USERNAME o INSTAGRAM_PASS en .env
2025-07-21 12:00:26: ❌ Faltan IG_USERNAME o INSTAGRAM_PASS en .env
2025-07-21 12:00:26: ❌ Faltan IG_USERNAME o INSTAGRAM_PASS en .env
2025-07-21 12:00:27: ❌ Faltan IG_USERNAME o INSTAGRAM_PASS en .env
2025-07-21 12:00:27: ❌ Faltan IG_USERNAME o INSTAGRAM_PASS en .env
2025-07-21 12:00:28: ❌ Faltan IG_USERNAME o INSTAGRAM_PASS en .env
2025-07-21 12:00:28: ❌ Faltan IG_USERNAME o INSTAGRAM_PASS en .env
2025-07-21 12:00:29: ❌ Faltan IG_USERNAME o INSTAGRAM_PASS en .env
2025-07-21 12:00:29: ❌ Faltan IG_USERNAME o INSTAGRAM_PASS en .env
2025-07-21 12:00:30: ❌ Faltan IG_USERNAME o INSTAGRAM_PASS en .env
2025-07-21 12:00:31: ❌ Faltan IG_USERNAME o INSTAGRAM_PASS en .env
2025-07-21 12:00:31: ❌ Faltan IG_USERNAME o INSTAGRAM_PASS en .env
2025-07-21 12:00:32: ❌ Faltan IG_USERNAME o INSTAGRAM_PASS en .env
2025-07-21 12:00:32: ❌ Faltan IG_USERNAME o INSTAGRAM_PASS en .env
2025-07-21 12:00:33: ❌ Faltan IG_USERNAME o INSTAGRAM_PASS en .env
2025-07-21 12:00:33: ❌ Faltan IG_USERNAME o INSTAGRAM_PASS en .env
2025-07-21 12:00:34: ❌ Faltan IG_USERNAME o INSTAGRAM_PASS en .env
2025-07-21 12:00:34: ❌ Faltan IG_USERNAME o INSTAGRAM_PASS en .env
2025-07-21 12:00:35: ❌ Faltan IG_USERNAME o INSTAGRAM_PASS en .env
2025-07-21 12:00:35: ❌ Faltan IG_USERNAME o INSTAGRAM_PASS en .env
2025-07-21 12:00:36: ❌ Faltan IG_USERNAME o INSTAGRAM_PASS en .env
2025-07-21 12:00:37: ❌ Faltan IG_USERNAME o INSTAGRAM_PASS en .env
2025-07-21 12:00:37: ❌ Faltan IG_USERNAME o INSTAGRAM_PASS en .env
2025-07-21 12:00:38: ❌ Faltan IG_USERNAME o INSTAGRAM_PASS en .env
2025-07-21 12:00:38: ❌ Faltan IG_USERNAME o INSTAGRAM_PASS en .env
2025-07-21 12:00:39: ❌ Faltan IG_USERNAME o INSTAGRAM_PASS en .env
2025-07-21 12:00:39: ❌ Faltan IG_USERNAME o INSTAGRAM_PASS en .env
2025-07-21 12:00:40: ❌ Faltan IG_USERNAME o INSTAGRAM_PASS en .env
2025-07-21 12:00:40: ❌ Faltan IG_USERNAME o INSTAGRAM_PASS en .env
2025-07-21 12:00:41: ❌ Faltan IG_USERNAME o INSTAGRAM_PASS en .env
2025-07-21 12:00:42: ❌ Faltan IG_USERNAME o INSTAGRAM_PASS en .env
2025-07-21 12:00:42: ❌ Faltan IG_USERNAME o INSTAGRAM_PASS en .env
2025-07-21 12:00:43: ❌ Faltan IG_USERNAME o INSTAGRAM_PASS en .env
2025-07-21 12:00:43: ❌ Faltan IG_USERNAME o INSTAGRAM_PASS en .env
2025-07-21 12:00:44: ❌ Faltan IG_USERNAME o INSTAGRAM_PASS en .env
2025-07-21 12:00:44: ❌ Faltan IG_USERNAME o INSTAGRAM_PASS en .env
2025-07-21 12:00:45: ❌ Faltan IG_USERNAME o INSTAGRAM_PASS en .env
2025-07-21 12:00:45: ❌ Faltan IG_USERNAME o INSTAGRAM_PASS en .env
2025-07-21 12:00:46: ❌ Faltan IG_USERNAME o INSTAGRAM_PASS en .env
2025-07-21 12:00:47: ❌ Faltan IG_USERNAME o INSTAGRAM_PASS en .env
2025-07-21 12:00:47: ❌ Faltan IG_USERNAME o INSTAGRAM_PASS en .env
2025-07-21 12:00:48: ❌ Faltan IG_USERNAME o INSTAGRAM_PASS en .env
2025-07-21 12:00:48: ❌ Faltan IG_USERNAME o INSTAGRAM_PASS en .env
2025-07-21 12:00:49: ❌ Faltan IG_USERNAME o INSTAGRAM_PASS en .env
2025-07-21 12:00:49: ❌ Faltan IG_USERNAME o INSTAGRAM_PASS en .env
2025-07-21 12:00:50: ❌ Faltan IG_USERNAME o INSTAGRAM_PASS en .env
2025-07-21 12:00:50: ❌ Faltan IG_USERNAME o INSTAGRAM_PASS en .env
2025-07-21 12:00:51: ❌ Faltan IG_USERNAME o INSTAGRAM_PASS en .env
2025-07-21 12:00:52: ❌ Faltan IG_USERNAME o INSTAGRAM_PASS en .env
2025-07-21 12:00:52: ❌ Faltan IG_USERNAME o INSTAGRAM_PASS en .env
2025-07-21 12:00:53: ❌ Faltan IG_USERNAME o INSTAGRAM_PASS en .env
2025-07-21 12:00:53: ❌ Faltan IG_USERNAME o INSTAGRAM_PASS en .env
2025-07-21 12:00:54: ❌ Faltan IG_USERNAME o INSTAGRAM_PASS en .env
2025-07-21 12:00:54: ❌ Faltan IG_USERNAME o INSTAGRAM_PASS en .env
2025-07-21 12:00:55: ❌ Faltan IG_USERNAME o INSTAGRAM_PASS en .env
2025-07-21 12:00:55: ❌ Faltan IG_USERNAME o INSTAGRAM_PASS en .env
2025-07-21 12:00:56: ❌ Faltan IG_USERNAME o INSTAGRAM_PASS en .env
2025-07-21 12:00:57: ❌ Faltan IG_USERNAME o INSTAGRAM_PASS en .env
2025-07-21 12:00:57: ❌ Faltan IG_USERNAME o INSTAGRAM_PASS en .env
2025-07-21 12:00:58: ❌ Faltan IG_USERNAME o INSTAGRAM_PASS en .env
2025-07-21 12:00:58: ❌ Faltan IG_USERNAME o INSTAGRAM_PASS en .env
2025-07-21 12:00:59: ❌ Faltan IG_USERNAME o INSTAGRAM_PASS en .env
2025-07-21 12:00:59: ❌ Faltan IG_USERNAME o INSTAGRAM_PASS en .env
2025-07-21 12:01:00: ❌ Faltan IG_USERNAME o INSTAGRAM_PASS en .env
2025-07-21 12:01:00: ❌ Faltan IG_USERNAME o INSTAGRAM_PASS en .env
2025-07-21 12:01:01: ❌ Faltan IG_USERNAME o INSTAGRAM_PASS en .env
2025-07-21 12:01:02: ❌ Faltan IG_USERNAME o INSTAGRAM_PASS en .env
2025-07-21 12:01:02: ❌ Faltan IG_USERNAME o INSTAGRAM_PASS en .env
2025-07-21 12:01:03: ❌ Faltan IG_USERNAME o INSTAGRAM_PASS en .env
2025-07-21 12:01:03: ❌ Faltan IG_USERNAME o INSTAGRAM_PASS en .env
2025-07-21 12:01:04: ❌ Faltan IG_USERNAME o INSTAGRAM_PASS en .env
2025-07-21 12:01:04: ❌ Faltan IG_USERNAME o INSTAGRAM_PASS en .env
2025-07-21 12:01:05: ❌ Faltan IG_USERNAME o INSTAGRAM_PASS en .env
2025-07-21 12:01:05: ❌ Faltan IG_USERNAME o INSTAGRAM_PASS en .env
2025-07-21 12:01:06: ❌ Faltan IG_USERNAME o INSTAGRAM_PASS en .env
2025-07-21 12:01:07: ❌ Faltan IG_USERNAME o INSTAGRAM_PASS en .env
2025-07-21 12:01:07: ❌ Faltan IG_USERNAME o INSTAGRAM_PASS en .env
2025-07-21 12:01:08: ❌ Faltan IG_USERNAME o INSTAGRAM_PASS en .env
2025-07-21 12:01:08: ❌ Faltan IG_USERNAME o INSTAGRAM_PASS en .env
2025-07-21 12:01:09: ❌ Faltan IG_USERNAME o INSTAGRAM_PASS en .env
2025-07-21 12:01:09: ❌ Faltan IG_USERNAME o INSTAGRAM_PASS en .env
2025-07-21 12:01:10: ❌ Faltan IG_USERNAME o INSTAGRAM_PASS en .env
2025-07-21 12:01:10: ❌ Faltan IG_USERNAME o INSTAGRAM_PASS en .env
2025-07-21 12:01:11: ❌ Faltan IG_USERNAME o INSTAGRAM_PASS en .env
2025-07-21 12:01:12: ❌ Faltan IG_USERNAME o INSTAGRAM_PASS en .env
2025-07-21 12:01:12: ❌ Faltan IG_USERNAME o INSTAGRAM_PASS en .env
2025-07-21 12:01:13: ❌ Faltan IG_USERNAME o INSTAGRAM_PASS en .env
2025-07-21 12:01:13: ❌ Faltan IG_USERNAME o INSTAGRAM_PASS en .env
2025-07-21 12:01:14: ❌ Faltan IG_USERNAME o INSTAGRAM_PASS en .env
2025-07-21 12:01:14: ❌ Faltan IG_USERNAME o INSTAGRAM_PASS en .env
2025-07-21 12:01:15: ❌ Faltan IG_USERNAME o INSTAGRAM_PASS en .env
2025-07-21 12:01:16: ❌ Faltan IG_USERNAME o INSTAGRAM_PASS en .env
2025-07-21 12:01:16: ❌ Faltan IG_USERNAME o INSTAGRAM_PASS en .env
2025-07-21 12:01:17: ❌ Faltan IG_USERNAME o INSTAGRAM_PASS en .env
2025-07-21 12:01:17: ❌ Faltan IG_USERNAME o INSTAGRAM_PASS en .env
2025-07-21 12:01:18: ❌ Faltan IG_USERNAME o INSTAGRAM_PASS en .env
2025-07-21 12:01:18: ❌ Faltan IG_USERNAME o INSTAGRAM_PASS en .env
